-------------------------------------------------------------------------------
Test set: com.hywa.pricepublish.PricePublishingSystemApplicationTests
-------------------------------------------------------------------------------
Tests run: 1, Failures: 0, Errors: 1, Skipped: 0, Time elapsed: 1.68 s <<< FAILURE! - in com.hywa.pricepublish.PricePublishingSystemApplicationTests
contextLoads(com.hywa.pricepublish.PricePublishingSystemApplicationTests)  Time elapsed: 0.001 s  <<< ERROR!
java.lang.IllegalStateException: Failed to load ApplicationContext
Caused by: org.springframework.beans.factory.UnsatisfiedDependencyException: Error creating bean with name 'shiroConfig': Unsatisfied dependency expressed through field 'permissionService'; nested exception is org.springframework.beans.factory.UnsatisfiedDependencyException: Error creating bean with name 'permissionServiceImpl': Unsatisfied dependency expressed through field 'permissionMapper'; nested exception is org.springframework.beans.factory.BeanCreationException: Error creating bean with name 'permissionMapper' defined in file [C:\Users\LongLi\Desktop\price-publishing-system\target\classes\com\hywa\pricepublish\dao\mapper\PermissionMapper.class]: Invocation of init method failed; nested exception is java.lang.IllegalArgumentException: org.apache.ibatis.builder.BuilderException: Error parsing Mapper XML. Cause: java.lang.IllegalArgumentException: Result Maps collection already contains value for com.hywa.pricepublish.dao.mapper.PermissionMapper.BaseResultMap
Caused by: org.springframework.beans.factory.UnsatisfiedDependencyException: Error creating bean with name 'permissionServiceImpl': Unsatisfied dependency expressed through field 'permissionMapper'; nested exception is org.springframework.beans.factory.BeanCreationException: Error creating bean with name 'permissionMapper' defined in file [C:\Users\LongLi\Desktop\price-publishing-system\target\classes\com\hywa\pricepublish\dao\mapper\PermissionMapper.class]: Invocation of init method failed; nested exception is java.lang.IllegalArgumentException: org.apache.ibatis.builder.BuilderException: Error parsing Mapper XML. Cause: java.lang.IllegalArgumentException: Result Maps collection already contains value for com.hywa.pricepublish.dao.mapper.PermissionMapper.BaseResultMap
Caused by: org.springframework.beans.factory.BeanCreationException: Error creating bean with name 'permissionMapper' defined in file [C:\Users\LongLi\Desktop\price-publishing-system\target\classes\com\hywa\pricepublish\dao\mapper\PermissionMapper.class]: Invocation of init method failed; nested exception is java.lang.IllegalArgumentException: org.apache.ibatis.builder.BuilderException: Error parsing Mapper XML. Cause: java.lang.IllegalArgumentException: Result Maps collection already contains value for com.hywa.pricepublish.dao.mapper.PermissionMapper.BaseResultMap
Caused by: java.lang.IllegalArgumentException: org.apache.ibatis.builder.BuilderException: Error parsing Mapper XML. Cause: java.lang.IllegalArgumentException: Result Maps collection already contains value for com.hywa.pricepublish.dao.mapper.PermissionMapper.BaseResultMap
Caused by: org.apache.ibatis.builder.BuilderException: Error parsing Mapper XML. Cause: java.lang.IllegalArgumentException: Result Maps collection already contains value for com.hywa.pricepublish.dao.mapper.PermissionMapper.BaseResultMap
Caused by: java.lang.IllegalArgumentException: Result Maps collection already contains value for com.hywa.pricepublish.dao.mapper.PermissionMapper.BaseResultMap

