<?xml version="1.0" encoding="UTF-8"?>
<testsuite xmlns:xsi="http://www.w3.org/2001/XMLSchema-instance" xsi:noNamespaceSchemaLocation="https://maven.apache.org/surefire/maven-surefire-plugin/xsd/surefire-test-report.xsd" name="com.hywa.pricepublish.PricePublishingSystemApplicationTests" time="1.68" tests="1" errors="1" skipped="0" failures="0">
  <properties>
[...]
</properties>
  <testcase name="contextLoads" classname="com.hywa.pricepublish.PricePublishingSystemApplicationTests" time="0.001">
    <error message="Failed to load ApplicationContext" type="java.lang.IllegalStateException">java.lang.IllegalStateException: Failed to load ApplicationContext
Caused by: org.springframework.beans.factory.UnsatisfiedDependencyException: Error creating bean with name 'shiroConfig': Unsatisfied dependency expressed through field 'permissionService'; nested exception is org.springframework.beans.factory.UnsatisfiedDependencyException: Error creating bean with name 'permissionServiceImpl': Unsatisfied dependency expressed through field 'permissionMapper'; nested exception is org.springframework.beans.factory.BeanCreationException: Error creating bean with name 'permissionMapper' defined in file [C:\Users\LongLi\Desktop\price-publishing-system\target\classes\com\hywa\pricepublish\dao\mapper\PermissionMapper.class]: Invocation of init method failed; nested exception is java.lang.IllegalArgumentException: org.apache.ibatis.builder.BuilderException: Error parsing Mapper XML. Cause: java.lang.IllegalArgumentException: Result Maps collection already contains value for com.hywa.pricepublish.dao.mapper.PermissionMapper.BaseResultMap
Caused by: org.springframework.beans.factory.UnsatisfiedDependencyException: Error creating bean with name 'permissionServiceImpl': Unsatisfied dependency expressed through field 'permissionMapper'; nested exception is org.springframework.beans.factory.BeanCreationException: Error creating bean with name 'permissionMapper' defined in file [C:\Users\LongLi\Desktop\price-publishing-system\target\classes\com\hywa\pricepublish\dao\mapper\PermissionMapper.class]: Invocation of init method failed; nested exception is java.lang.IllegalArgumentException: org.apache.ibatis.builder.BuilderException: Error parsing Mapper XML. Cause: java.lang.IllegalArgumentException: Result Maps collection already contains value for com.hywa.pricepublish.dao.mapper.PermissionMapper.BaseResultMap
Caused by: org.springframework.beans.factory.BeanCreationException: Error creating bean with name 'permissionMapper' defined in file [C:\Users\LongLi\Desktop\price-publishing-system\target\classes\com\hywa\pricepublish\dao\mapper\PermissionMapper.class]: Invocation of init method failed; nested exception is java.lang.IllegalArgumentException: org.apache.ibatis.builder.BuilderException: Error parsing Mapper XML. Cause: java.lang.IllegalArgumentException: Result Maps collection already contains value for com.hywa.pricepublish.dao.mapper.PermissionMapper.BaseResultMap
Caused by: java.lang.IllegalArgumentException: org.apache.ibatis.builder.BuilderException: Error parsing Mapper XML. Cause: java.lang.IllegalArgumentException: Result Maps collection already contains value for com.hywa.pricepublish.dao.mapper.PermissionMapper.BaseResultMap
Caused by: org.apache.ibatis.builder.BuilderException: Error parsing Mapper XML. Cause: java.lang.IllegalArgumentException: Result Maps collection already contains value for com.hywa.pricepublish.dao.mapper.PermissionMapper.BaseResultMap
Caused by: java.lang.IllegalArgumentException: Result Maps collection already contains value for com.hywa.pricepublish.dao.mapper.PermissionMapper.BaseResultMap
</error>
    <system-out><![CDATA[16:46:38.681 [main] DEBUG org.springframework.test.context.junit4.SpringJUnit4ClassRunner - SpringJUnit4ClassRunner constructor called with [class com.hywa.pricepublish.PricePublishingSystemApplicationTests]
16:46:38.685 [main] DEBUG org.springframework.test.context.BootstrapUtils - Instantiating CacheAwareContextLoaderDelegate from class [org.springframework.test.context.cache.DefaultCacheAwareContextLoaderDelegate]
16:46:38.692 [main] DEBUG org.springframework.test.context.BootstrapUtils - Instantiating BootstrapContext using constructor [public org.springframework.test.context.support.DefaultBootstrapContext(java.lang.Class,org.springframework.test.context.CacheAwareContextLoaderDelegate)]
16:46:38.707 [main] DEBUG org.springframework.test.context.BootstrapUtils - Instantiating TestContextBootstrapper for test class [com.hywa.pricepublish.PricePublishingSystemApplicationTests] from class [org.springframework.boot.test.context.SpringBootTestContextBootstrapper]
16:46:38.717 [main] INFO org.springframework.boot.test.context.SpringBootTestContextBootstrapper - Neither @ContextConfiguration nor @ContextHierarchy found for test class [com.hywa.pricepublish.PricePublishingSystemApplicationTests], using SpringBootContextLoader
16:46:38.719 [main] DEBUG org.springframework.test.context.support.AbstractContextLoader - Did not detect default resource location for test class [com.hywa.pricepublish.PricePublishingSystemApplicationTests]: class path resource [com/hywa/pricepublish/PricePublishingSystemApplicationTests-context.xml] does not exist
16:46:38.719 [main] DEBUG org.springframework.test.context.support.AbstractContextLoader - Did not detect default resource location for test class [com.hywa.pricepublish.PricePublishingSystemApplicationTests]: class path resource [com/hywa/pricepublish/PricePublishingSystemApplicationTestsContext.groovy] does not exist
16:46:38.720 [main] INFO org.springframework.test.context.support.AbstractContextLoader - Could not detect default resource locations for test class [com.hywa.pricepublish.PricePublishingSystemApplicationTests]: no resource found for suffixes {-context.xml, Context.groovy}.
16:46:38.720 [main] INFO org.springframework.test.context.support.AnnotationConfigContextLoaderUtils - Could not detect default configuration classes for test class [com.hywa.pricepublish.PricePublishingSystemApplicationTests]: PricePublishingSystemApplicationTests does not declare any static, non-private, non-final, nested classes annotated with @Configuration.
16:46:38.753 [main] DEBUG org.springframework.test.context.support.ActiveProfilesUtils - Could not find an 'annotation declaring class' for annotation type [org.springframework.test.context.ActiveProfiles] and class [com.hywa.pricepublish.PricePublishingSystemApplicationTests]
16:46:38.760 [main] DEBUG org.springframework.core.env.StandardEnvironment - Adding PropertySource 'systemProperties' with lowest search precedence
16:46:38.760 [main] DEBUG org.springframework.core.env.StandardEnvironment - Adding PropertySource 'systemEnvironment' with lowest search precedence
16:46:38.761 [main] DEBUG org.springframework.core.env.StandardEnvironment - Initialized StandardEnvironment with PropertySources [MapPropertySource@1059063940 {name='systemProperties', properties={java.runtime.name=Java(TM) SE Runtime Environment, sun.boot.library.path=C:\Program Files\Java\jdk1.8.0_92\jre\bin, java.vm.version=25.92-b14, java.vm.vendor=Oracle Corporation, java.vendor.url=http://java.oracle.com/, path.separator=;, java.vm.name=Java HotSpot(TM) 64-Bit Server VM, file.encoding.pkg=sun.io, user.country=CN, user.script=, sun.java.launcher=SUN_STANDARD, sun.os.patch.level=Service Pack 1, java.vm.specification.name=Java Virtual Machine Specification, user.dir=C:\Users\LongLi\Desktop\price-publishing-system, java.runtime.version=1.8.0_92-b14, basedir=C:\Users\LongLi\Desktop\price-publishing-system, java.awt.graphicsenv=sun.awt.Win32GraphicsEnvironment, java.endorsed.dirs=C:\Program Files\Java\jdk1.8.0_92\jre\lib\endorsed, os.arch=amd64, surefire.real.class.path=C:\Users\LongLi\AppData\Local\Temp\surefire4278351951754333682\surefirebooter7334057685830199878.jar, java.io.tmpdir=C:\Users\LongLi\AppData\Local\Temp\, line.separator=
, java.vm.specification.vendor=Oracle Corporation, user.variant=, os.name=Windows 7, sun.jnu.encoding=GBK, java.library.path=C:\Program Files\Java\jdk1.8.0_92\jre\bin;C:\Windows\Sun\Java\bin;C:\Windows\system32;C:\Windows;C:\Program Files (x86)\Common Files\Oracle\Java\javapath;D:\curl\bin;C:\Program Files\Java\jdk1.8.0_92\bin;C:\Program Files\Java\jdk1.8.0_92\jre\bin;D:\VanDyke Software\Clients\;C:\ProgramData\Oracle\Java\javapath;C:\Windows\system32;C:\Windows;C:\Windows\System32\Wbem;C:\Windows\System32\WindowsPowerShell\v1.0\;C:\Program Files (x86)\NVIDIA Corporation\PhysX\Common;C:\Program Files\Java\jdk1.8.0_92\bin;C:\Program Files\Java\jdk1.8.0_92jre\bin;D:\apache-maven-3.2.3-bin\apache-maven-3.2.3\bin;D:\xampp\tomcat\bin;D:\xampp\mysql\bin;C:\Program Files\TortoiseSVN\bin;D:\Git\cmd;., surefire.test.class.path=C:\Users\LongLi\Desktop\price-publishing-system\target\test-classes;C:\Users\LongLi\Desktop\price-publishing-system\target\classes;D:\apache-maven-3.2.3-bin\apache-maven-3.2.3\pool\3.2.3\org\springframework\boot\spring-boot-starter-web\2.0.2.RELEASE\spring-boot-starter-web-2.0.2.RELEASE.jar;D:\apache-maven-3.2.3-bin\apache-maven-3.2.3\pool\3.2.3\org\springframework\boot\spring-boot-starter\2.0.2.RELEASE\spring-boot-starter-2.0.2.RELEASE.jar;D:\apache-maven-3.2.3-bin\apache-maven-3.2.3\pool\3.2.3\org\springframework\boot\spring-boot-starter-logging\2.0.2.RELEASE\spring-boot-starter-logging-2.0.2.RELEASE.jar;D:\apache-maven-3.2.3-bin\apache-maven-3.2.3\pool\3.2.3\ch\qos\logback\logback-classic\1.2.3\logback-classic-1.2.3.jar;D:\apache-maven-3.2.3-bin\apache-maven-3.2.3\pool\3.2.3\ch\qos\logback\logback-core\1.2.3\logback-core-1.2.3.jar;D:\apache-maven-3.2.3-bin\apache-maven-3.2.3\pool\3.2.3\org\apache\logging\log4j\log4j-to-slf4j\2.10.0\log4j-to-slf4j-2.10.0.jar;D:\apache-maven-3.2.3-bin\apache-maven-3.2.3\pool\3.2.3\org\apache\logging\log4j\log4j-api\2.10.0\log4j-api-2.10.0.jar;D:\apache-maven-3.2.3-bin\apache-maven-3.2.3\pool\3.2.3\org\slf4j\jul-to-slf4j\1.7.25\jul-to-slf4j-1.7.25.jar;D:\apache-maven-3.2.3-bin\apache-maven-3.2.3\pool\3.2.3\javax\annotation\javax.annotation-api\1.3.2\javax.annotation-api-1.3.2.jar;D:\apache-maven-3.2.3-bin\apache-maven-3.2.3\pool\3.2.3\org\yaml\snakeyaml\1.19\snakeyaml-1.19.jar;D:\apache-maven-3.2.3-bin\apache-maven-3.2.3\pool\3.2.3\org\springframework\boot\spring-boot-starter-json\2.0.2.RELEASE\spring-boot-starter-json-2.0.2.RELEASE.jar;D:\apache-maven-3.2.3-bin\apache-maven-3.2.3\pool\3.2.3\com\fasterxml\jackson\core\jackson-databind\2.9.5\jackson-databind-2.9.5.jar;D:\apache-maven-3.2.3-bin\apache-maven-3.2.3\pool\3.2.3\com\fasterxml\jackson\core\jackson-annotations\2.9.0\jackson-annotations-2.9.0.jar;D:\apache-maven-3.2.3-bin\apache-maven-3.2.3\pool\3.2.3\com\fasterxml\jackson\core\jackson-core\2.9.5\jackson-core-2.9.5.jar;D:\apache-maven-3.2.3-bin\apache-maven-3.2.3\pool\3.2.3\com\fasterxml\jackson\datatype\jackson-datatype-jdk8\2.9.5\jackson-datatype-jdk8-2.9.5.jar;D:\apache-maven-3.2.3-bin\apache-maven-3.2.3\pool\3.2.3\com\fasterxml\jackson\datatype\jackson-datatype-jsr310\2.9.5\jackson-datatype-jsr310-2.9.5.jar;D:\apache-maven-3.2.3-bin\apache-maven-3.2.3\pool\3.2.3\com\fasterxml\jackson\module\jackson-module-parameter-names\2.9.5\jackson-module-parameter-names-2.9.5.jar;D:\apache-maven-3.2.3-bin\apache-maven-3.2.3\pool\3.2.3\org\springframework\boot\spring-boot-starter-tomcat\2.0.2.RELEASE\spring-boot-starter-tomcat-2.0.2.RELEASE.jar;D:\apache-maven-3.2.3-bin\apache-maven-3.2.3\pool\3.2.3\org\apache\tomcat\embed\tomcat-embed-core\8.5.31\tomcat-embed-core-8.5.31.jar;D:\apache-maven-3.2.3-bin\apache-maven-3.2.3\pool\3.2.3\org\apache\tomcat\embed\tomcat-embed-el\8.5.31\tomcat-embed-el-8.5.31.jar;D:\apache-maven-3.2.3-bin\apache-maven-3.2.3\pool\3.2.3\org\apache\tomcat\embed\tomcat-embed-websocket\8.5.31\tomcat-embed-websocket-8.5.31.jar;D:\apache-maven-3.2.3-bin\apache-maven-3.2.3\pool\3.2.3\org\hibernate\validator\hibernate-validator\6.0.9.Final\hibernate-validator-6.0.9.Final.jar;D:\apache-maven-3.2.3-bin\apache-maven-3.2.3\pool\3.2.3\javax\validation\validation-api\2.0.1.Final\validation-api-2.0.1.Final.jar;D:\apache-maven-3.2.3-bin\apache-maven-3.2.3\pool\3.2.3\org\jboss\logging\jboss-logging\3.3.2.Final\jboss-logging-3.3.2.Final.jar;D:\apache-maven-3.2.3-bin\apache-maven-3.2.3\pool\3.2.3\com\fasterxml\classmate\1.3.4\classmate-1.3.4.jar;D:\apache-maven-3.2.3-bin\apache-maven-3.2.3\pool\3.2.3\org\springframework\spring-web\5.0.6.RELEASE\spring-web-5.0.6.RELEASE.jar;D:\apache-maven-3.2.3-bin\apache-maven-3.2.3\pool\3.2.3\org\springframework\spring-beans\5.0.6.RELEASE\spring-beans-5.0.6.RELEASE.jar;D:\apache-maven-3.2.3-bin\apache-maven-3.2.3\pool\3.2.3\org\springframework\spring-webmvc\5.0.6.RELEASE\spring-webmvc-5.0.6.RELEASE.jar;D:\apache-maven-3.2.3-bin\apache-maven-3.2.3\pool\3.2.3\org\springframework\spring-aop\5.0.6.RELEASE\spring-aop-5.0.6.RELEASE.jar;D:\apache-maven-3.2.3-bin\apache-maven-3.2.3\pool\3.2.3\org\springframework\spring-context\5.0.6.RELEASE\spring-context-5.0.6.RELEASE.jar;D:\apache-maven-3.2.3-bin\apache-maven-3.2.3\pool\3.2.3\org\springframework\spring-expression\5.0.6.RELEASE\spring-expression-5.0.6.RELEASE.jar;D:\apache-maven-3.2.3-bin\apache-maven-3.2.3\pool\3.2.3\org\springframework\boot\spring-boot-starter-data-redis\2.0.2.RELEASE\spring-boot-starter-data-redis-2.0.2.RELEASE.jar;D:\apache-maven-3.2.3-bin\apache-maven-3.2.3\pool\3.2.3\org\springframework\data\spring-data-redis\2.0.7.RELEASE\spring-data-redis-2.0.7.RELEASE.jar;D:\apache-maven-3.2.3-bin\apache-maven-3.2.3\pool\3.2.3\org\springframework\data\spring-data-keyvalue\2.0.7.RELEASE\spring-data-keyvalue-2.0.7.RELEASE.jar;D:\apache-maven-3.2.3-bin\apache-maven-3.2.3\pool\3.2.3\org\springframework\data\spring-data-commons\2.0.7.RELEASE\spring-data-commons-2.0.7.RELEASE.jar;D:\apache-maven-3.2.3-bin\apache-maven-3.2.3\pool\3.2.3\org\springframework\spring-tx\5.0.6.RELEASE\spring-tx-5.0.6.RELEASE.jar;D:\apache-maven-3.2.3-bin\apache-maven-3.2.3\pool\3.2.3\org\springframework\spring-oxm\5.0.6.RELEASE\spring-oxm-5.0.6.RELEASE.jar;D:\apache-maven-3.2.3-bin\apache-maven-3.2.3\pool\3.2.3\io\lettuce\lettuce-core\5.0.4.RELEASE\lettuce-core-5.0.4.RELEASE.jar;D:\apache-maven-3.2.3-bin\apache-maven-3.2.3\pool\3.2.3\io\projectreactor\reactor-core\3.1.7.RELEASE\reactor-core-3.1.7.RELEASE.jar;D:\apache-maven-3.2.3-bin\apache-maven-3.2.3\pool\3.2.3\org\reactivestreams\reactive-streams\1.0.2\reactive-streams-1.0.2.jar;D:\apache-maven-3.2.3-bin\apache-maven-3.2.3\pool\3.2.3\io\netty\netty-common\4.1.24.Final\netty-common-4.1.24.Final.jar;D:\apache-maven-3.2.3-bin\apache-maven-3.2.3\pool\3.2.3\io\netty\netty-transport\4.1.24.Final\netty-transport-4.1.24.Final.jar;D:\apache-maven-3.2.3-bin\apache-maven-3.2.3\pool\3.2.3\io\netty\netty-buffer\4.1.24.Final\netty-buffer-4.1.24.Final.jar;D:\apache-maven-3.2.3-bin\apache-maven-3.2.3\pool\3.2.3\io\netty\netty-resolver\4.1.24.Final\netty-resolver-4.1.24.Final.jar;D:\apache-maven-3.2.3-bin\apache-maven-3.2.3\pool\3.2.3\io\netty\netty-handler\4.1.24.Final\netty-handler-4.1.24.Final.jar;D:\apache-maven-3.2.3-bin\apache-maven-3.2.3\pool\3.2.3\io\netty\netty-codec\4.1.24.Final\netty-codec-4.1.24.Final.jar;D:\apache-maven-3.2.3-bin\apache-maven-3.2.3\pool\3.2.3\org\springframework\boot\spring-boot-starter-test\2.0.2.RELEASE\spring-boot-starter-test-2.0.2.RELEASE.jar;D:\apache-maven-3.2.3-bin\apache-maven-3.2.3\pool\3.2.3\org\springframework\boot\spring-boot-test\2.0.2.RELEASE\spring-boot-test-2.0.2.RELEASE.jar;D:\apache-maven-3.2.3-bin\apache-maven-3.2.3\pool\3.2.3\org\springframework\boot\spring-boot-test-autoconfigure\2.0.2.RELEASE\spring-boot-test-autoconfigure-2.0.2.RELEASE.jar;D:\apache-maven-3.2.3-bin\apache-maven-3.2.3\pool\3.2.3\com\jayway\jsonpath\json-path\2.4.0\json-path-2.4.0.jar;D:\apache-maven-3.2.3-bin\apache-maven-3.2.3\pool\3.2.3\net\minidev\json-smart\2.3\json-smart-2.3.jar;D:\apache-maven-3.2.3-bin\apache-maven-3.2.3\pool\3.2.3\net\minidev\accessors-smart\1.2\accessors-smart-1.2.jar;D:\apache-maven-3.2.3-bin\apache-maven-3.2.3\pool\3.2.3\org\ow2\asm\asm\5.0.4\asm-5.0.4.jar;D:\apache-maven-3.2.3-bin\apache-maven-3.2.3\pool\3.2.3\junit\junit\4.12\junit-4.12.jar;D:\apache-maven-3.2.3-bin\apache-maven-3.2.3\pool\3.2.3\org\assertj\assertj-core\3.9.1\assertj-core-3.9.1.jar;D:\apache-maven-3.2.3-bin\apache-maven-3.2.3\pool\3.2.3\org\mockito\mockito-core\2.15.0\mockito-core-2.15.0.jar;D:\apache-maven-3.2.3-bin\apache-maven-3.2.3\pool\3.2.3\net\bytebuddy\byte-buddy\1.7.11\byte-buddy-1.7.11.jar;D:\apache-maven-3.2.3-bin\apache-maven-3.2.3\pool\3.2.3\net\bytebuddy\byte-buddy-agent\1.7.11\byte-buddy-agent-1.7.11.jar;D:\apache-maven-3.2.3-bin\apache-maven-3.2.3\pool\3.2.3\org\objenesis\objenesis\2.6\objenesis-2.6.jar;D:\apache-maven-3.2.3-bin\apache-maven-3.2.3\pool\3.2.3\org\hamcrest\hamcrest-core\1.3\hamcrest-core-1.3.jar;D:\apache-maven-3.2.3-bin\apache-maven-3.2.3\pool\3.2.3\org\hamcrest\hamcrest-library\1.3\hamcrest-library-1.3.jar;D:\apache-maven-3.2.3-bin\apache-maven-3.2.3\pool\3.2.3\org\skyscreamer\jsonassert\1.5.0\jsonassert-1.5.0.jar;D:\apache-maven-3.2.3-bin\apache-maven-3.2.3\pool\3.2.3\com\vaadin\external\google\android-json\0.0.20131108.vaadin1\android-json-0.0.20131108.vaadin1.jar;D:\apache-maven-3.2.3-bin\apache-maven-3.2.3\pool\3.2.3\org\springframework\spring-core\5.0.6.RELEASE\spring-core-5.0.6.RELEASE.jar;D:\apache-maven-3.2.3-bin\apache-maven-3.2.3\pool\3.2.3\org\springframework\spring-jcl\5.0.6.RELEASE\spring-jcl-5.0.6.RELEASE.jar;D:\apache-maven-3.2.3-bin\apache-maven-3.2.3\pool\3.2.3\org\springframework\spring-test\5.0.6.RELEASE\spring-test-5.0.6.RELEASE.jar;D:\apache-maven-3.2.3-bin\apache-maven-3.2.3\pool\3.2.3\org\xmlunit\xmlunit-core\2.5.1\xmlunit-core-2.5.1.jar;D:\apache-maven-3.2.3-bin\apache-maven-3.2.3\pool\3.2.3\mysql\mysql-connector-java\5.1.46\mysql-connector-java-5.1.46.jar;D:\apache-maven-3.2.3-bin\apache-maven-3.2.3\pool\3.2.3\com\alibaba\fastjson\1.2.47\fastjson-1.2.47.jar;D:\apache-maven-3.2.3-bin\apache-maven-3.2.3\pool\3.2.3\org\apache\shiro\shiro-spring\1.3.2\shiro-spring-1.3.2.jar;D:\apache-maven-3.2.3-bin\apache-maven-3.2.3\pool\3.2.3\org\apache\shiro\shiro-core\1.3.2\shiro-core-1.3.2.jar;D:\apache-maven-3.2.3-bin\apache-maven-3.2.3\pool\3.2.3\commons-beanutils\commons-beanutils\1.8.3\commons-beanutils-1.8.3.jar;D:\apache-maven-3.2.3-bin\apache-maven-3.2.3\pool\3.2.3\org\apache\shiro\shiro-web\1.3.2\shiro-web-1.3.2.jar;D:\apache-maven-3.2.3-bin\apache-maven-3.2.3\pool\3.2.3\org\apache\shiro\shiro-ehcache\1.2.5\shiro-ehcache-1.2.5.jar;D:\apache-maven-3.2.3-bin\apache-maven-3.2.3\pool\3.2.3\net\sf\ehcache\ehcache-core\2.5.0\ehcache-core-2.5.0.jar;D:\apache-maven-3.2.3-bin\apache-maven-3.2.3\pool\3.2.3\org\slf4j\slf4j-api\1.7.25\slf4j-api-1.7.25.jar;D:\apache-maven-3.2.3-bin\apache-maven-3.2.3\pool\3.2.3\org\springframework\boot\spring-boot-devtools\2.0.2.RELEASE\spring-boot-devtools-2.0.2.RELEASE.jar;D:\apache-maven-3.2.3-bin\apache-maven-3.2.3\pool\3.2.3\org\springframework\boot\spring-boot\2.0.2.RELEASE\spring-boot-2.0.2.RELEASE.jar;D:\apache-maven-3.2.3-bin\apache-maven-3.2.3\pool\3.2.3\org\springframework\boot\spring-boot-autoconfigure\2.0.2.RELEASE\spring-boot-autoconfigure-2.0.2.RELEASE.jar;D:\apache-maven-3.2.3-bin\apache-maven-3.2.3\pool\3.2.3\org\springframework\boot\spring-boot-starter-freemarker\2.0.2.RELEASE\spring-boot-starter-freemarker-2.0.2.RELEASE.jar;D:\apache-maven-3.2.3-bin\apache-maven-3.2.3\pool\3.2.3\org\freemarker\freemarker\2.3.28\freemarker-2.3.28.jar;D:\apache-maven-3.2.3-bin\apache-maven-3.2.3\pool\3.2.3\org\springframework\spring-context-support\5.0.6.RELEASE\spring-context-support-5.0.6.RELEASE.jar;D:\apache-maven-3.2.3-bin\apache-maven-3.2.3\pool\3.2.3\org\mybatis\spring\boot\mybatis-spring-boot-starter\1.3.1\mybatis-spring-boot-starter-1.3.1.jar;D:\apache-maven-3.2.3-bin\apache-maven-3.2.3\pool\3.2.3\org\springframework\boot\spring-boot-starter-jdbc\2.0.2.RELEASE\spring-boot-starter-jdbc-2.0.2.RELEASE.jar;D:\apache-maven-3.2.3-bin\apache-maven-3.2.3\pool\3.2.3\com\zaxxer\HikariCP\2.7.9\HikariCP-2.7.9.jar;D:\apache-maven-3.2.3-bin\apache-maven-3.2.3\pool\3.2.3\org\springframework\spring-jdbc\5.0.6.RELEASE\spring-jdbc-5.0.6.RELEASE.jar;D:\apache-maven-3.2.3-bin\apache-maven-3.2.3\pool\3.2.3\org\mybatis\spring\boot\mybatis-spring-boot-autoconfigure\1.3.1\mybatis-spring-boot-autoconfigure-1.3.1.jar;D:\apache-maven-3.2.3-bin\apache-maven-3.2.3\pool\3.2.3\org\mybatis\mybatis\3.4.5\mybatis-3.4.5.jar;D:\apache-maven-3.2.3-bin\apache-maven-3.2.3\pool\3.2.3\org\mybatis\mybatis-spring\1.3.1\mybatis-spring-1.3.1.jar;, java.specification.name=Java Platform API Specification, java.class.version=52.0, sun.management.compiler=HotSpot 64-Bit Tiered Compilers, os.version=6.1, user.home=C:\Users\LongLi, user.timezone=Asia/Shanghai, java.awt.printerjob=sun.awt.windows.WPrinterJob, file.encoding=GBK, java.specification.version=1.8, java.class.path=C:\Users\LongLi\Desktop\price-publishing-system\target\test-classes;C:\Users\LongLi\Desktop\price-publishing-system\target\classes;D:\apache-maven-3.2.3-bin\apache-maven-3.2.3\pool\3.2.3\org\springframework\boot\spring-boot-starter-web\2.0.2.RELEASE\spring-boot-starter-web-2.0.2.RELEASE.jar;D:\apache-maven-3.2.3-bin\apache-maven-3.2.3\pool\3.2.3\org\springframework\boot\spring-boot-starter\2.0.2.RELEASE\spring-boot-starter-2.0.2.RELEASE.jar;D:\apache-maven-3.2.3-bin\apache-maven-3.2.3\pool\3.2.3\org\springframework\boot\spring-boot-starter-logging\2.0.2.RELEASE\spring-boot-starter-logging-2.0.2.RELEASE.jar;D:\apache-maven-3.2.3-bin\apache-maven-3.2.3\pool\3.2.3\ch\qos\logback\logback-classic\1.2.3\logback-classic-1.2.3.jar;D:\apache-maven-3.2.3-bin\apache-maven-3.2.3\pool\3.2.3\ch\qos\logback\logback-core\1.2.3\logback-core-1.2.3.jar;D:\apache-maven-3.2.3-bin\apache-maven-3.2.3\pool\3.2.3\org\apache\logging\log4j\log4j-to-slf4j\2.10.0\log4j-to-slf4j-2.10.0.jar;D:\apache-maven-3.2.3-bin\apache-maven-3.2.3\pool\3.2.3\org\apache\logging\log4j\log4j-api\2.10.0\log4j-api-2.10.0.jar;D:\apache-maven-3.2.3-bin\apache-maven-3.2.3\pool\3.2.3\org\slf4j\jul-to-slf4j\1.7.25\jul-to-slf4j-1.7.25.jar;D:\apache-maven-3.2.3-bin\apache-maven-3.2.3\pool\3.2.3\javax\annotation\javax.annotation-api\1.3.2\javax.annotation-api-1.3.2.jar;D:\apache-maven-3.2.3-bin\apache-maven-3.2.3\pool\3.2.3\org\yaml\snakeyaml\1.19\snakeyaml-1.19.jar;D:\apache-maven-3.2.3-bin\apache-maven-3.2.3\pool\3.2.3\org\springframework\boot\spring-boot-starter-json\2.0.2.RELEASE\spring-boot-starter-json-2.0.2.RELEASE.jar;D:\apache-maven-3.2.3-bin\apache-maven-3.2.3\pool\3.2.3\com\fasterxml\jackson\core\jackson-databind\2.9.5\jackson-databind-2.9.5.jar;D:\apache-maven-3.2.3-bin\apache-maven-3.2.3\pool\3.2.3\com\fasterxml\jackson\core\jackson-annotations\2.9.0\jackson-annotations-2.9.0.jar;D:\apache-maven-3.2.3-bin\apache-maven-3.2.3\pool\3.2.3\com\fasterxml\jackson\core\jackson-core\2.9.5\jackson-core-2.9.5.jar;D:\apache-maven-3.2.3-bin\apache-maven-3.2.3\pool\3.2.3\com\fasterxml\jackson\datatype\jackson-datatype-jdk8\2.9.5\jackson-datatype-jdk8-2.9.5.jar;D:\apache-maven-3.2.3-bin\apache-maven-3.2.3\pool\3.2.3\com\fasterxml\jackson\datatype\jackson-datatype-jsr310\2.9.5\jackson-datatype-jsr310-2.9.5.jar;D:\apache-maven-3.2.3-bin\apache-maven-3.2.3\pool\3.2.3\com\fasterxml\jackson\module\jackson-module-parameter-names\2.9.5\jackson-module-parameter-names-2.9.5.jar;D:\apache-maven-3.2.3-bin\apache-maven-3.2.3\pool\3.2.3\org\springframework\boot\spring-boot-starter-tomcat\2.0.2.RELEASE\spring-boot-starter-tomcat-2.0.2.RELEASE.jar;D:\apache-maven-3.2.3-bin\apache-maven-3.2.3\pool\3.2.3\org\apache\tomcat\embed\tomcat-embed-core\8.5.31\tomcat-embed-core-8.5.31.jar;D:\apache-maven-3.2.3-bin\apache-maven-3.2.3\pool\3.2.3\org\apache\tomcat\embed\tomcat-embed-el\8.5.31\tomcat-embed-el-8.5.31.jar;D:\apache-maven-3.2.3-bin\apache-maven-3.2.3\pool\3.2.3\org\apache\tomcat\embed\tomcat-embed-websocket\8.5.31\tomcat-embed-websocket-8.5.31.jar;D:\apache-maven-3.2.3-bin\apache-maven-3.2.3\pool\3.2.3\org\hibernate\validator\hibernate-validator\6.0.9.Final\hibernate-validator-6.0.9.Final.jar;D:\apache-maven-3.2.3-bin\apache-maven-3.2.3\pool\3.2.3\javax\validation\validation-api\2.0.1.Final\validation-api-2.0.1.Final.jar;D:\apache-maven-3.2.3-bin\apache-maven-3.2.3\pool\3.2.3\org\jboss\logging\jboss-logging\3.3.2.Final\jboss-logging-3.3.2.Final.jar;D:\apache-maven-3.2.3-bin\apache-maven-3.2.3\pool\3.2.3\com\fasterxml\classmate\1.3.4\classmate-1.3.4.jar;D:\apache-maven-3.2.3-bin\apache-maven-3.2.3\pool\3.2.3\org\springframework\spring-web\5.0.6.RELEASE\spring-web-5.0.6.RELEASE.jar;D:\apache-maven-3.2.3-bin\apache-maven-3.2.3\pool\3.2.3\org\springframework\spring-beans\5.0.6.RELEASE\spring-beans-5.0.6.RELEASE.jar;D:\apache-maven-3.2.3-bin\apache-maven-3.2.3\pool\3.2.3\org\springframework\spring-webmvc\5.0.6.RELEASE\spring-webmvc-5.0.6.RELEASE.jar;D:\apache-maven-3.2.3-bin\apache-maven-3.2.3\pool\3.2.3\org\springframework\spring-aop\5.0.6.RELEASE\spring-aop-5.0.6.RELEASE.jar;D:\apache-maven-3.2.3-bin\apache-maven-3.2.3\pool\3.2.3\org\springframework\spring-context\5.0.6.RELEASE\spring-context-5.0.6.RELEASE.jar;D:\apache-maven-3.2.3-bin\apache-maven-3.2.3\pool\3.2.3\org\springframework\spring-expression\5.0.6.RELEASE\spring-expression-5.0.6.RELEASE.jar;D:\apache-maven-3.2.3-bin\apache-maven-3.2.3\pool\3.2.3\org\springframework\boot\spring-boot-starter-data-redis\2.0.2.RELEASE\spring-boot-starter-data-redis-2.0.2.RELEASE.jar;D:\apache-maven-3.2.3-bin\apache-maven-3.2.3\pool\3.2.3\org\springframework\data\spring-data-redis\2.0.7.RELEASE\spring-data-redis-2.0.7.RELEASE.jar;D:\apache-maven-3.2.3-bin\apache-maven-3.2.3\pool\3.2.3\org\springframework\data\spring-data-keyvalue\2.0.7.RELEASE\spring-data-keyvalue-2.0.7.RELEASE.jar;D:\apache-maven-3.2.3-bin\apache-maven-3.2.3\pool\3.2.3\org\springframework\data\spring-data-commons\2.0.7.RELEASE\spring-data-commons-2.0.7.RELEASE.jar;D:\apache-maven-3.2.3-bin\apache-maven-3.2.3\pool\3.2.3\org\springframework\spring-tx\5.0.6.RELEASE\spring-tx-5.0.6.RELEASE.jar;D:\apache-maven-3.2.3-bin\apache-maven-3.2.3\pool\3.2.3\org\springframework\spring-oxm\5.0.6.RELEASE\spring-oxm-5.0.6.RELEASE.jar;D:\apache-maven-3.2.3-bin\apache-maven-3.2.3\pool\3.2.3\io\lettuce\lettuce-core\5.0.4.RELEASE\lettuce-core-5.0.4.RELEASE.jar;D:\apache-maven-3.2.3-bin\apache-maven-3.2.3\pool\3.2.3\io\projectreactor\reactor-core\3.1.7.RELEASE\reactor-core-3.1.7.RELEASE.jar;D:\apache-maven-3.2.3-bin\apache-maven-3.2.3\pool\3.2.3\org\reactivestreams\reactive-streams\1.0.2\reactive-streams-1.0.2.jar;D:\apache-maven-3.2.3-bin\apache-maven-3.2.3\pool\3.2.3\io\netty\netty-common\4.1.24.Final\netty-common-4.1.24.Final.jar;D:\apache-maven-3.2.3-bin\apache-maven-3.2.3\pool\3.2.3\io\netty\netty-transport\4.1.24.Final\netty-transport-4.1.24.Final.jar;D:\apache-maven-3.2.3-bin\apache-maven-3.2.3\pool\3.2.3\io\netty\netty-buffer\4.1.24.Final\netty-buffer-4.1.24.Final.jar;D:\apache-maven-3.2.3-bin\apache-maven-3.2.3\pool\3.2.3\io\netty\netty-resolver\4.1.24.Final\netty-resolver-4.1.24.Final.jar;D:\apache-maven-3.2.3-bin\apache-maven-3.2.3\pool\3.2.3\io\netty\netty-handler\4.1.24.Final\netty-handler-4.1.24.Final.jar;D:\apache-maven-3.2.3-bin\apache-maven-3.2.3\pool\3.2.3\io\netty\netty-codec\4.1.24.Final\netty-codec-4.1.24.Final.jar;D:\apache-maven-3.2.3-bin\apache-maven-3.2.3\pool\3.2.3\org\springframework\boot\spring-boot-starter-test\2.0.2.RELEASE\spring-boot-starter-test-2.0.2.RELEASE.jar;D:\apache-maven-3.2.3-bin\apache-maven-3.2.3\pool\3.2.3\org\springframework\boot\spring-boot-test\2.0.2.RELEASE\spring-boot-test-2.0.2.RELEASE.jar;D:\apache-maven-3.2.3-bin\apache-maven-3.2.3\pool\3.2.3\org\springframework\boot\spring-boot-test-autoconfigure\2.0.2.RELEASE\spring-boot-test-autoconfigure-2.0.2.RELEASE.jar;D:\apache-maven-3.2.3-bin\apache-maven-3.2.3\pool\3.2.3\com\jayway\jsonpath\json-path\2.4.0\json-path-2.4.0.jar;D:\apache-maven-3.2.3-bin\apache-maven-3.2.3\pool\3.2.3\net\minidev\json-smart\2.3\json-smart-2.3.jar;D:\apache-maven-3.2.3-bin\apache-maven-3.2.3\pool\3.2.3\net\minidev\accessors-smart\1.2\accessors-smart-1.2.jar;D:\apache-maven-3.2.3-bin\apache-maven-3.2.3\pool\3.2.3\org\ow2\asm\asm\5.0.4\asm-5.0.4.jar;D:\apache-maven-3.2.3-bin\apache-maven-3.2.3\pool\3.2.3\junit\junit\4.12\junit-4.12.jar;D:\apache-maven-3.2.3-bin\apache-maven-3.2.3\pool\3.2.3\org\assertj\assertj-core\3.9.1\assertj-core-3.9.1.jar;D:\apache-maven-3.2.3-bin\apache-maven-3.2.3\pool\3.2.3\org\mockito\mockito-core\2.15.0\mockito-core-2.15.0.jar;D:\apache-maven-3.2.3-bin\apache-maven-3.2.3\pool\3.2.3\net\bytebuddy\byte-buddy\1.7.11\byte-buddy-1.7.11.jar;D:\apache-maven-3.2.3-bin\apache-maven-3.2.3\pool\3.2.3\net\bytebuddy\byte-buddy-agent\1.7.11\byte-buddy-agent-1.7.11.jar;D:\apache-maven-3.2.3-bin\apache-maven-3.2.3\pool\3.2.3\org\objenesis\objenesis\2.6\objenesis-2.6.jar;D:\apache-maven-3.2.3-bin\apache-maven-3.2.3\pool\3.2.3\org\hamcrest\hamcrest-core\1.3\hamcrest-core-1.3.jar;D:\apache-maven-3.2.3-bin\apache-maven-3.2.3\pool\3.2.3\org\hamcrest\hamcrest-library\1.3\hamcrest-library-1.3.jar;D:\apache-maven-3.2.3-bin\apache-maven-3.2.3\pool\3.2.3\org\skyscreamer\jsonassert\1.5.0\jsonassert-1.5.0.jar;D:\apache-maven-3.2.3-bin\apache-maven-3.2.3\pool\3.2.3\com\vaadin\external\google\android-json\0.0.20131108.vaadin1\android-json-0.0.20131108.vaadin1.jar;D:\apache-maven-3.2.3-bin\apache-maven-3.2.3\pool\3.2.3\org\springframework\spring-core\5.0.6.RELEASE\spring-core-5.0.6.RELEASE.jar;D:\apache-maven-3.2.3-bin\apache-maven-3.2.3\pool\3.2.3\org\springframework\spring-jcl\5.0.6.RELEASE\spring-jcl-5.0.6.RELEASE.jar;D:\apache-maven-3.2.3-bin\apache-maven-3.2.3\pool\3.2.3\org\springframework\spring-test\5.0.6.RELEASE\spring-test-5.0.6.RELEASE.jar;D:\apache-maven-3.2.3-bin\apache-maven-3.2.3\pool\3.2.3\org\xmlunit\xmlunit-core\2.5.1\xmlunit-core-2.5.1.jar;D:\apache-maven-3.2.3-bin\apache-maven-3.2.3\pool\3.2.3\mysql\mysql-connector-java\5.1.46\mysql-connector-java-5.1.46.jar;D:\apache-maven-3.2.3-bin\apache-maven-3.2.3\pool\3.2.3\com\alibaba\fastjson\1.2.47\fastjson-1.2.47.jar;D:\apache-maven-3.2.3-bin\apache-maven-3.2.3\pool\3.2.3\org\apache\shiro\shiro-spring\1.3.2\shiro-spring-1.3.2.jar;D:\apache-maven-3.2.3-bin\apache-maven-3.2.3\pool\3.2.3\org\apache\shiro\shiro-core\1.3.2\shiro-core-1.3.2.jar;D:\apache-maven-3.2.3-bin\apache-maven-3.2.3\pool\3.2.3\commons-beanutils\commons-beanutils\1.8.3\commons-beanutils-1.8.3.jar;D:\apache-maven-3.2.3-bin\apache-maven-3.2.3\pool\3.2.3\org\apache\shiro\shiro-web\1.3.2\shiro-web-1.3.2.jar;D:\apache-maven-3.2.3-bin\apache-maven-3.2.3\pool\3.2.3\org\apache\shiro\shiro-ehcache\1.2.5\shiro-ehcache-1.2.5.jar;D:\apache-maven-3.2.3-bin\apache-maven-3.2.3\pool\3.2.3\net\sf\ehcache\ehcache-core\2.5.0\ehcache-core-2.5.0.jar;D:\apache-maven-3.2.3-bin\apache-maven-3.2.3\pool\3.2.3\org\slf4j\slf4j-api\1.7.25\slf4j-api-1.7.25.jar;D:\apache-maven-3.2.3-bin\apache-maven-3.2.3\pool\3.2.3\org\springframework\boot\spring-boot-devtools\2.0.2.RELEASE\spring-boot-devtools-2.0.2.RELEASE.jar;D:\apache-maven-3.2.3-bin\apache-maven-3.2.3\pool\3.2.3\org\springframework\boot\spring-boot\2.0.2.RELEASE\spring-boot-2.0.2.RELEASE.jar;D:\apache-maven-3.2.3-bin\apache-maven-3.2.3\pool\3.2.3\org\springframework\boot\spring-boot-autoconfigure\2.0.2.RELEASE\spring-boot-autoconfigure-2.0.2.RELEASE.jar;D:\apache-maven-3.2.3-bin\apache-maven-3.2.3\pool\3.2.3\org\springframework\boot\spring-boot-starter-freemarker\2.0.2.RELEASE\spring-boot-starter-freemarker-2.0.2.RELEASE.jar;D:\apache-maven-3.2.3-bin\apache-maven-3.2.3\pool\3.2.3\org\freemarker\freemarker\2.3.28\freemarker-2.3.28.jar;D:\apache-maven-3.2.3-bin\apache-maven-3.2.3\pool\3.2.3\org\springframework\spring-context-support\5.0.6.RELEASE\spring-context-support-5.0.6.RELEASE.jar;D:\apache-maven-3.2.3-bin\apache-maven-3.2.3\pool\3.2.3\org\mybatis\spring\boot\mybatis-spring-boot-starter\1.3.1\mybatis-spring-boot-starter-1.3.1.jar;D:\apache-maven-3.2.3-bin\apache-maven-3.2.3\pool\3.2.3\org\springframework\boot\spring-boot-starter-jdbc\2.0.2.RELEASE\spring-boot-starter-jdbc-2.0.2.RELEASE.jar;D:\apache-maven-3.2.3-bin\apache-maven-3.2.3\pool\3.2.3\com\zaxxer\HikariCP\2.7.9\HikariCP-2.7.9.jar;D:\apache-maven-3.2.3-bin\apache-maven-3.2.3\pool\3.2.3\org\springframework\spring-jdbc\5.0.6.RELEASE\spring-jdbc-5.0.6.RELEASE.jar;D:\apache-maven-3.2.3-bin\apache-maven-3.2.3\pool\3.2.3\org\mybatis\spring\boot\mybatis-spring-boot-autoconfigure\1.3.1\mybatis-spring-boot-autoconfigure-1.3.1.jar;D:\apache-maven-3.2.3-bin\apache-maven-3.2.3\pool\3.2.3\org\mybatis\mybatis\3.4.5\mybatis-3.4.5.jar;D:\apache-maven-3.2.3-bin\apache-maven-3.2.3\pool\3.2.3\org\mybatis\mybatis-spring\1.3.1\mybatis-spring-1.3.1.jar;, user.name=zcy, java.vm.specification.version=1.8, sun.java.command=C:\Users\LongLi\AppData\Local\Temp\surefire4278351951754333682\surefirebooter7334057685830199878.jar C:\Users\LongLi\AppData\Local\Temp\surefire4278351951754333682 2018-06-05T16-46-38_000-jvmRun1 surefire4363093165487663677tmp surefire_0606032971306698924tmp, java.home=C:\Program Files\Java\jdk1.8.0_92\jre, sun.arch.data.model=64, user.language=zh, java.specification.vendor=Oracle Corporation, awt.toolkit=sun.awt.windows.WToolkit, java.vm.info=mixed mode, java.version=1.8.0_92, java.ext.dirs=C:\Program Files\Java\jdk1.8.0_92\jre\lib\ext;C:\Windows\Sun\Java\lib\ext, sun.boot.class.path=C:\Program Files\Java\jdk1.8.0_92\jre\lib\resources.jar;C:\Program Files\Java\jdk1.8.0_92\jre\lib\rt.jar;C:\Program Files\Java\jdk1.8.0_92\jre\lib\sunrsasign.jar;C:\Program Files\Java\jdk1.8.0_92\jre\lib\jsse.jar;C:\Program Files\Java\jdk1.8.0_92\jre\lib\jce.jar;C:\Program Files\Java\jdk1.8.0_92\jre\lib\charsets.jar;C:\Program Files\Java\jdk1.8.0_92\jre\lib\jfr.jar;C:\Program Files\Java\jdk1.8.0_92\jre\classes, java.vendor=Oracle Corporation, localRepository=D:\apache-maven-3.2.3-bin\apache-maven-3.2.3\pool\3.2.3, file.separator=\, java.vendor.url.bug=http://bugreport.sun.com/bugreport/, sun.io.unicode.encoding=UnicodeLittle, sun.cpu.endian=little, sun.desktop=windows, sun.cpu.isalist=amd64}}, SystemEnvironmentPropertySource@1295226194 {name='systemEnvironment', properties={PATH=C:\Program Files (x86)\Common Files\Oracle\Java\javapath;D:\curl\bin;C:\Program Files\Java\jdk1.8.0_92\bin;C:\Program Files\Java\jdk1.8.0_92\jre\bin;D:\VanDyke Software\Clients\;C:\ProgramData\Oracle\Java\javapath;C:\Windows\system32;C:\Windows;C:\Windows\System32\Wbem;C:\Windows\System32\WindowsPowerShell\v1.0\;C:\Program Files (x86)\NVIDIA Corporation\PhysX\Common;C:\Program Files\Java\jdk1.8.0_92\bin;C:\Program Files\Java\jdk1.8.0_92jre\bin;D:\apache-maven-3.2.3-bin\apache-maven-3.2.3\bin;D:\xampp\tomcat\bin;D:\xampp\mysql\bin;C:\Program Files\TortoiseSVN\bin;D:\Git\cmd, PROCESSOR_LEVEL=6, SYSTEMDRIVE=C:, FP_NO_HOST_CHECK=NO, SESSIONNAME=Console, ALLUSERSPROFILE=C:\ProgramData, PROCESSOR_ARCHITECTURE=AMD64, PROGRAMFILES=C:\Program Files, PSMODULEPATH=C:\Windows\system32\WindowsPowerShell\v1.0\Modules\, PROGRAMDATA=C:\ProgramData, USERNAME=zcy, PATHEXT=.COM;.EXE;.BAT;.CMD;.VBS;.VBE;.JS;.JSE;.WSF;.WSH;.MSC, CLASSWORLDS_JAR="D:\apache-maven-3.2.3-bin\apache-maven-3.2.3\bin\..\boot\plexus-classworlds-2.5.1.jar", WINDIR=C:\Windows, HOMEPATH=\Users\LongLi, PROCESSOR_IDENTIFIER=Intel64 Family 6 Model 60 Stepping 3, GenuineIntel, WINDOWS_TRACING_LOGFILE=C:\BVTBin\Tests\installpackage\csilogfile.log, M2_HOME=D:\apache-maven-3.2.3-bin\apache-maven-3.2.3\bin\.., MAVEN_JAVA_EXE="C:\Program Files\Java\jdk1.8.0_92\bin\java.exe", PUBLIC=C:\Users\Public, =EXITCODE=00000001, OPENSSL_CONF=D:\OpenSSL-Win64\bin\openssl.cfg, LOCALAPPDATA=C:\Users\LongLi\AppData\Local, COMMONPROGRAMFILES(X86)=C:\Program Files (x86)\Common Files, USERDOMAIN=LongLi-PC, LOGONSERVER=\\LONGLI-PC, JAVA_HOME=C:\Program Files\Java\jdk1.8.0_92, PROMPT=$P$G, PROGRAMFILES(X86)=C:\Program Files (x86), ERROR_CODE=0, WINDOWS_TRACING_FLAGS=3, =C:=C:\Users\LongLi\Desktop\price-publishing-system, APPDATA=C:\Users\LongLi\AppData\Roaming, PROGRAMW6432=C:\Program Files, SYSTEMROOT=C:\Windows, MAVEN_CMD_LINE_ARGS=clean install, OS=Windows_NT, COMMONPROGRAMW6432=C:\Program Files\Common Files, COMPUTERNAME=LONGLI-PC, COMMONPROGRAMFILES=C:\Program Files\Common Files, COMSPEC=C:\Windows\system32\cmd.exe, CURL_HOME=D:\curl\bin, PROCESSOR_REVISION=3c03, CLASSPATH=.;C:\Program Files\Java\jdk1.8.0_92\lib\dt.jar;C:\Program Files\Java\jdk1.8.0_92\lib\tools.jar;, CLASSWORLDS_LAUNCHER=org.codehaus.plexus.classworlds.launcher.Launcher, TEMP=C:\Users\LongLi\AppData\Local\Temp, HOMEDRIVE=C:, USERPROFILE=C:\Users\LongLi, TMP=C:\Users\LongLi\AppData\Local\Temp, NUMBER_OF_PROCESSORS=8, HOME=C:\Users\LongLi}}]
16:46:38.778 [main] DEBUG org.springframework.core.io.support.PathMatchingResourcePatternResolver - Resolved classpath location [com/hywa/pricepublish/] to resources [URL [file:/C:/Users/LongLi/Desktop/price-publishing-system/target/test-classes/com/hywa/pricepublish/], URL [file:/C:/Users/LongLi/Desktop/price-publishing-system/target/classes/com/hywa/pricepublish/]]
16:46:38.778 [main] DEBUG org.springframework.core.io.support.PathMatchingResourcePatternResolver - Looking for matching resources in directory tree [C:\Users\LongLi\Desktop\price-publishing-system\target\test-classes\com\hywa\pricepublish]
16:46:38.778 [main] DEBUG org.springframework.core.io.support.PathMatchingResourcePatternResolver - Searching directory [C:\Users\LongLi\Desktop\price-publishing-system\target\test-classes\com\hywa\pricepublish] for files matching pattern [C:/Users/LongLi/Desktop/price-publishing-system/target/test-classes/com/hywa/pricepublish/*.class]
16:46:38.782 [main] DEBUG org.springframework.core.io.support.PathMatchingResourcePatternResolver - Looking for matching resources in directory tree [C:\Users\LongLi\Desktop\price-publishing-system\target\classes\com\hywa\pricepublish]
16:46:38.783 [main] DEBUG org.springframework.core.io.support.PathMatchingResourcePatternResolver - Searching directory [C:\Users\LongLi\Desktop\price-publishing-system\target\classes\com\hywa\pricepublish] for files matching pattern [C:/Users/LongLi/Desktop/price-publishing-system/target/classes/com/hywa/pricepublish/*.class]
16:46:38.784 [main] DEBUG org.springframework.core.io.support.PathMatchingResourcePatternResolver - Resolved location pattern [classpath*:com/hywa/pricepublish/*.class] to resources [file [C:\Users\LongLi\Desktop\price-publishing-system\target\test-classes\com\hywa\pricepublish\PricePublishingSystemApplicationTests.class], file [C:\Users\LongLi\Desktop\price-publishing-system\target\classes\com\hywa\pricepublish\PricePublishingSystemApplication.class]]
16:46:38.841 [main] DEBUG org.springframework.context.annotation.ClassPathScanningCandidateComponentProvider - Identified candidate component class: file [C:\Users\LongLi\Desktop\price-publishing-system\target\classes\com\hywa\pricepublish\PricePublishingSystemApplication.class]
16:46:38.842 [main] INFO org.springframework.boot.test.context.SpringBootTestContextBootstrapper - Found @SpringBootConfiguration com.hywa.pricepublish.PricePublishingSystemApplication for test class com.hywa.pricepublish.PricePublishingSystemApplicationTests
16:46:38.929 [main] DEBUG org.springframework.boot.test.context.SpringBootTestContextBootstrapper - @TestExecutionListeners is not present for class [com.hywa.pricepublish.PricePublishingSystemApplicationTests]: using defaults.
16:46:38.930 [main] INFO org.springframework.boot.test.context.SpringBootTestContextBootstrapper - Loaded default TestExecutionListener class names from location [META-INF/spring.factories]: [org.springframework.boot.test.mock.mockito.MockitoTestExecutionListener, org.springframework.boot.test.mock.mockito.ResetMocksTestExecutionListener, org.springframework.boot.test.autoconfigure.restdocs.RestDocsTestExecutionListener, org.springframework.boot.test.autoconfigure.web.client.MockRestServiceServerResetTestExecutionListener, org.springframework.boot.test.autoconfigure.web.servlet.MockMvcPrintOnlyOnFailureTestExecutionListener, org.springframework.boot.test.autoconfigure.web.servlet.WebDriverTestExecutionListener, org.springframework.test.context.web.ServletTestExecutionListener, org.springframework.test.context.support.DirtiesContextBeforeModesTestExecutionListener, org.springframework.test.context.support.DependencyInjectionTestExecutionListener, org.springframework.test.context.support.DirtiesContextTestExecutionListener, org.springframework.test.context.transaction.TransactionalTestExecutionListener, org.springframework.test.context.jdbc.SqlScriptsTestExecutionListener]
16:46:39.012 [main] INFO org.springframework.boot.test.context.SpringBootTestContextBootstrapper - Using TestExecutionListeners: [org.springframework.test.context.web.ServletTestExecutionListener@290222c1, org.springframework.test.context.support.DirtiesContextBeforeModesTestExecutionListener@67f639d3, org.springframework.boot.test.mock.mockito.MockitoTestExecutionListener@6253c26, org.springframework.boot.test.autoconfigure.SpringBootDependencyInjectionTestExecutionListener@49049a04, org.springframework.test.context.support.DirtiesContextTestExecutionListener@71a8adcf, org.springframework.test.context.transaction.TransactionalTestExecutionListener@27462a88, org.springframework.test.context.jdbc.SqlScriptsTestExecutionListener@82de64a, org.springframework.boot.test.mock.mockito.ResetMocksTestExecutionListener@659499f1, org.springframework.boot.test.autoconfigure.restdocs.RestDocsTestExecutionListener@51e69659, org.springframework.boot.test.autoconfigure.web.client.MockRestServiceServerResetTestExecutionListener@47e2e487, org.springframework.boot.test.autoconfigure.web.servlet.MockMvcPrintOnlyOnFailureTestExecutionListener@201a4587, org.springframework.boot.test.autoconfigure.web.servlet.WebDriverTestExecutionListener@61001b64]
16:46:39.013 [main] DEBUG org.springframework.test.annotation.ProfileValueUtils - Retrieved @ProfileValueSourceConfiguration [null] for test class [com.hywa.pricepublish.PricePublishingSystemApplicationTests]
16:46:39.014 [main] DEBUG org.springframework.test.annotation.ProfileValueUtils - Retrieved ProfileValueSource type [class org.springframework.test.annotation.SystemProfileValueSource] for class [com.hywa.pricepublish.PricePublishingSystemApplicationTests]
16:46:39.014 [main] DEBUG org.springframework.test.annotation.ProfileValueUtils - Retrieved @ProfileValueSourceConfiguration [null] for test class [com.hywa.pricepublish.PricePublishingSystemApplicationTests]
16:46:39.014 [main] DEBUG org.springframework.test.annotation.ProfileValueUtils - Retrieved ProfileValueSource type [class org.springframework.test.annotation.SystemProfileValueSource] for class [com.hywa.pricepublish.PricePublishingSystemApplicationTests]
16:46:39.014 [main] DEBUG org.springframework.test.annotation.ProfileValueUtils - Retrieved @ProfileValueSourceConfiguration [null] for test class [com.hywa.pricepublish.PricePublishingSystemApplicationTests]
16:46:39.014 [main] DEBUG org.springframework.test.annotation.ProfileValueUtils - Retrieved ProfileValueSource type [class org.springframework.test.annotation.SystemProfileValueSource] for class [com.hywa.pricepublish.PricePublishingSystemApplicationTests]
16:46:39.017 [main] DEBUG org.springframework.test.context.support.AbstractDirtiesContextTestExecutionListener - Before test class: context [DefaultTestContext@53aac487 testClass = PricePublishingSystemApplicationTests, testInstance = [null], testMethod = [null], testException = [null], mergedContextConfiguration = [WebMergedContextConfiguration@52b1beb6 testClass = PricePublishingSystemApplicationTests, locations = '{}', classes = '{class com.hywa.pricepublish.PricePublishingSystemApplication}', contextInitializerClasses = '[]', activeProfiles = '{}', propertySourceLocations = '{}', propertySourceProperties = '{org.springframework.boot.test.context.SpringBootTestContextBootstrapper=true}', contextCustomizers = set[org.springframework.boot.test.context.filter.ExcludeFilterContextCustomizer@3d8314f0, org.springframework.boot.test.json.DuplicateJsonObjectContextCustomizerFactory$DuplicateJsonObjectContextCustomizer@2a40cd94, org.springframework.boot.test.mock.mockito.MockitoContextCustomizer@0, org.springframework.boot.test.web.client.TestRestTemplateContextCustomizer@12028586, org.springframework.boot.test.autoconfigure.properties.PropertyMappingContextCustomizer@0, org.springframework.boot.test.autoconfigure.web.servlet.WebDriverContextCustomizerFactory$Customizer@120d6fe6], resourceBasePath = 'src/main/webapp', contextLoader = 'org.springframework.boot.test.context.SpringBootContextLoader', parent = [null]], attributes = map['org.springframework.test.context.web.ServletTestExecutionListener.activateListener' -> true]], class annotated with @DirtiesContext [false] with mode [null].
16:46:39.017 [main] DEBUG org.springframework.test.annotation.ProfileValueUtils - Retrieved @ProfileValueSourceConfiguration [null] for test class [com.hywa.pricepublish.PricePublishingSystemApplicationTests]
16:46:39.017 [main] DEBUG org.springframework.test.annotation.ProfileValueUtils - Retrieved ProfileValueSource type [class org.springframework.test.annotation.SystemProfileValueSource] for class [com.hywa.pricepublish.PricePublishingSystemApplicationTests]
16:46:39.040 [main] DEBUG org.springframework.core.env.StandardEnvironment - Adding PropertySource 'systemProperties' with lowest search precedence
16:46:39.040 [main] DEBUG org.springframework.core.env.StandardEnvironment - Adding PropertySource 'systemEnvironment' with lowest search precedence
16:46:39.040 [main] DEBUG org.springframework.core.env.StandardEnvironment - Initialized StandardEnvironment with PropertySources [MapPropertySource@1991371192 {name='systemProperties', properties={java.runtime.name=Java(TM) SE Runtime Environment, sun.boot.library.path=C:\Program Files\Java\jdk1.8.0_92\jre\bin, java.vm.version=25.92-b14, java.vm.vendor=Oracle Corporation, java.vendor.url=http://java.oracle.com/, path.separator=;, java.vm.name=Java HotSpot(TM) 64-Bit Server VM, file.encoding.pkg=sun.io, user.country=CN, user.script=, sun.java.launcher=SUN_STANDARD, sun.os.patch.level=Service Pack 1, java.vm.specification.name=Java Virtual Machine Specification, user.dir=C:\Users\LongLi\Desktop\price-publishing-system, java.runtime.version=1.8.0_92-b14, basedir=C:\Users\LongLi\Desktop\price-publishing-system, java.awt.graphicsenv=sun.awt.Win32GraphicsEnvironment, java.endorsed.dirs=C:\Program Files\Java\jdk1.8.0_92\jre\lib\endorsed, os.arch=amd64, surefire.real.class.path=C:\Users\LongLi\AppData\Local\Temp\surefire4278351951754333682\surefirebooter7334057685830199878.jar, java.io.tmpdir=C:\Users\LongLi\AppData\Local\Temp\, line.separator=
, java.vm.specification.vendor=Oracle Corporation, user.variant=, os.name=Windows 7, sun.jnu.encoding=GBK, java.library.path=C:\Program Files\Java\jdk1.8.0_92\jre\bin;C:\Windows\Sun\Java\bin;C:\Windows\system32;C:\Windows;C:\Program Files (x86)\Common Files\Oracle\Java\javapath;D:\curl\bin;C:\Program Files\Java\jdk1.8.0_92\bin;C:\Program Files\Java\jdk1.8.0_92\jre\bin;D:\VanDyke Software\Clients\;C:\ProgramData\Oracle\Java\javapath;C:\Windows\system32;C:\Windows;C:\Windows\System32\Wbem;C:\Windows\System32\WindowsPowerShell\v1.0\;C:\Program Files (x86)\NVIDIA Corporation\PhysX\Common;C:\Program Files\Java\jdk1.8.0_92\bin;C:\Program Files\Java\jdk1.8.0_92jre\bin;D:\apache-maven-3.2.3-bin\apache-maven-3.2.3\bin;D:\xampp\tomcat\bin;D:\xampp\mysql\bin;C:\Program Files\TortoiseSVN\bin;D:\Git\cmd;., surefire.test.class.path=C:\Users\LongLi\Desktop\price-publishing-system\target\test-classes;C:\Users\LongLi\Desktop\price-publishing-system\target\classes;D:\apache-maven-3.2.3-bin\apache-maven-3.2.3\pool\3.2.3\org\springframework\boot\spring-boot-starter-web\2.0.2.RELEASE\spring-boot-starter-web-2.0.2.RELEASE.jar;D:\apache-maven-3.2.3-bin\apache-maven-3.2.3\pool\3.2.3\org\springframework\boot\spring-boot-starter\2.0.2.RELEASE\spring-boot-starter-2.0.2.RELEASE.jar;D:\apache-maven-3.2.3-bin\apache-maven-3.2.3\pool\3.2.3\org\springframework\boot\spring-boot-starter-logging\2.0.2.RELEASE\spring-boot-starter-logging-2.0.2.RELEASE.jar;D:\apache-maven-3.2.3-bin\apache-maven-3.2.3\pool\3.2.3\ch\qos\logback\logback-classic\1.2.3\logback-classic-1.2.3.jar;D:\apache-maven-3.2.3-bin\apache-maven-3.2.3\pool\3.2.3\ch\qos\logback\logback-core\1.2.3\logback-core-1.2.3.jar;D:\apache-maven-3.2.3-bin\apache-maven-3.2.3\pool\3.2.3\org\apache\logging\log4j\log4j-to-slf4j\2.10.0\log4j-to-slf4j-2.10.0.jar;D:\apache-maven-3.2.3-bin\apache-maven-3.2.3\pool\3.2.3\org\apache\logging\log4j\log4j-api\2.10.0\log4j-api-2.10.0.jar;D:\apache-maven-3.2.3-bin\apache-maven-3.2.3\pool\3.2.3\org\slf4j\jul-to-slf4j\1.7.25\jul-to-slf4j-1.7.25.jar;D:\apache-maven-3.2.3-bin\apache-maven-3.2.3\pool\3.2.3\javax\annotation\javax.annotation-api\1.3.2\javax.annotation-api-1.3.2.jar;D:\apache-maven-3.2.3-bin\apache-maven-3.2.3\pool\3.2.3\org\yaml\snakeyaml\1.19\snakeyaml-1.19.jar;D:\apache-maven-3.2.3-bin\apache-maven-3.2.3\pool\3.2.3\org\springframework\boot\spring-boot-starter-json\2.0.2.RELEASE\spring-boot-starter-json-2.0.2.RELEASE.jar;D:\apache-maven-3.2.3-bin\apache-maven-3.2.3\pool\3.2.3\com\fasterxml\jackson\core\jackson-databind\2.9.5\jackson-databind-2.9.5.jar;D:\apache-maven-3.2.3-bin\apache-maven-3.2.3\pool\3.2.3\com\fasterxml\jackson\core\jackson-annotations\2.9.0\jackson-annotations-2.9.0.jar;D:\apache-maven-3.2.3-bin\apache-maven-3.2.3\pool\3.2.3\com\fasterxml\jackson\core\jackson-core\2.9.5\jackson-core-2.9.5.jar;D:\apache-maven-3.2.3-bin\apache-maven-3.2.3\pool\3.2.3\com\fasterxml\jackson\datatype\jackson-datatype-jdk8\2.9.5\jackson-datatype-jdk8-2.9.5.jar;D:\apache-maven-3.2.3-bin\apache-maven-3.2.3\pool\3.2.3\com\fasterxml\jackson\datatype\jackson-datatype-jsr310\2.9.5\jackson-datatype-jsr310-2.9.5.jar;D:\apache-maven-3.2.3-bin\apache-maven-3.2.3\pool\3.2.3\com\fasterxml\jackson\module\jackson-module-parameter-names\2.9.5\jackson-module-parameter-names-2.9.5.jar;D:\apache-maven-3.2.3-bin\apache-maven-3.2.3\pool\3.2.3\org\springframework\boot\spring-boot-starter-tomcat\2.0.2.RELEASE\spring-boot-starter-tomcat-2.0.2.RELEASE.jar;D:\apache-maven-3.2.3-bin\apache-maven-3.2.3\pool\3.2.3\org\apache\tomcat\embed\tomcat-embed-core\8.5.31\tomcat-embed-core-8.5.31.jar;D:\apache-maven-3.2.3-bin\apache-maven-3.2.3\pool\3.2.3\org\apache\tomcat\embed\tomcat-embed-el\8.5.31\tomcat-embed-el-8.5.31.jar;D:\apache-maven-3.2.3-bin\apache-maven-3.2.3\pool\3.2.3\org\apache\tomcat\embed\tomcat-embed-websocket\8.5.31\tomcat-embed-websocket-8.5.31.jar;D:\apache-maven-3.2.3-bin\apache-maven-3.2.3\pool\3.2.3\org\hibernate\validator\hibernate-validator\6.0.9.Final\hibernate-validator-6.0.9.Final.jar;D:\apache-maven-3.2.3-bin\apache-maven-3.2.3\pool\3.2.3\javax\validation\validation-api\2.0.1.Final\validation-api-2.0.1.Final.jar;D:\apache-maven-3.2.3-bin\apache-maven-3.2.3\pool\3.2.3\org\jboss\logging\jboss-logging\3.3.2.Final\jboss-logging-3.3.2.Final.jar;D:\apache-maven-3.2.3-bin\apache-maven-3.2.3\pool\3.2.3\com\fasterxml\classmate\1.3.4\classmate-1.3.4.jar;D:\apache-maven-3.2.3-bin\apache-maven-3.2.3\pool\3.2.3\org\springframework\spring-web\5.0.6.RELEASE\spring-web-5.0.6.RELEASE.jar;D:\apache-maven-3.2.3-bin\apache-maven-3.2.3\pool\3.2.3\org\springframework\spring-beans\5.0.6.RELEASE\spring-beans-5.0.6.RELEASE.jar;D:\apache-maven-3.2.3-bin\apache-maven-3.2.3\pool\3.2.3\org\springframework\spring-webmvc\5.0.6.RELEASE\spring-webmvc-5.0.6.RELEASE.jar;D:\apache-maven-3.2.3-bin\apache-maven-3.2.3\pool\3.2.3\org\springframework\spring-aop\5.0.6.RELEASE\spring-aop-5.0.6.RELEASE.jar;D:\apache-maven-3.2.3-bin\apache-maven-3.2.3\pool\3.2.3\org\springframework\spring-context\5.0.6.RELEASE\spring-context-5.0.6.RELEASE.jar;D:\apache-maven-3.2.3-bin\apache-maven-3.2.3\pool\3.2.3\org\springframework\spring-expression\5.0.6.RELEASE\spring-expression-5.0.6.RELEASE.jar;D:\apache-maven-3.2.3-bin\apache-maven-3.2.3\pool\3.2.3\org\springframework\boot\spring-boot-starter-data-redis\2.0.2.RELEASE\spring-boot-starter-data-redis-2.0.2.RELEASE.jar;D:\apache-maven-3.2.3-bin\apache-maven-3.2.3\pool\3.2.3\org\springframework\data\spring-data-redis\2.0.7.RELEASE\spring-data-redis-2.0.7.RELEASE.jar;D:\apache-maven-3.2.3-bin\apache-maven-3.2.3\pool\3.2.3\org\springframework\data\spring-data-keyvalue\2.0.7.RELEASE\spring-data-keyvalue-2.0.7.RELEASE.jar;D:\apache-maven-3.2.3-bin\apache-maven-3.2.3\pool\3.2.3\org\springframework\data\spring-data-commons\2.0.7.RELEASE\spring-data-commons-2.0.7.RELEASE.jar;D:\apache-maven-3.2.3-bin\apache-maven-3.2.3\pool\3.2.3\org\springframework\spring-tx\5.0.6.RELEASE\spring-tx-5.0.6.RELEASE.jar;D:\apache-maven-3.2.3-bin\apache-maven-3.2.3\pool\3.2.3\org\springframework\spring-oxm\5.0.6.RELEASE\spring-oxm-5.0.6.RELEASE.jar;D:\apache-maven-3.2.3-bin\apache-maven-3.2.3\pool\3.2.3\io\lettuce\lettuce-core\5.0.4.RELEASE\lettuce-core-5.0.4.RELEASE.jar;D:\apache-maven-3.2.3-bin\apache-maven-3.2.3\pool\3.2.3\io\projectreactor\reactor-core\3.1.7.RELEASE\reactor-core-3.1.7.RELEASE.jar;D:\apache-maven-3.2.3-bin\apache-maven-3.2.3\pool\3.2.3\org\reactivestreams\reactive-streams\1.0.2\reactive-streams-1.0.2.jar;D:\apache-maven-3.2.3-bin\apache-maven-3.2.3\pool\3.2.3\io\netty\netty-common\4.1.24.Final\netty-common-4.1.24.Final.jar;D:\apache-maven-3.2.3-bin\apache-maven-3.2.3\pool\3.2.3\io\netty\netty-transport\4.1.24.Final\netty-transport-4.1.24.Final.jar;D:\apache-maven-3.2.3-bin\apache-maven-3.2.3\pool\3.2.3\io\netty\netty-buffer\4.1.24.Final\netty-buffer-4.1.24.Final.jar;D:\apache-maven-3.2.3-bin\apache-maven-3.2.3\pool\3.2.3\io\netty\netty-resolver\4.1.24.Final\netty-resolver-4.1.24.Final.jar;D:\apache-maven-3.2.3-bin\apache-maven-3.2.3\pool\3.2.3\io\netty\netty-handler\4.1.24.Final\netty-handler-4.1.24.Final.jar;D:\apache-maven-3.2.3-bin\apache-maven-3.2.3\pool\3.2.3\io\netty\netty-codec\4.1.24.Final\netty-codec-4.1.24.Final.jar;D:\apache-maven-3.2.3-bin\apache-maven-3.2.3\pool\3.2.3\org\springframework\boot\spring-boot-starter-test\2.0.2.RELEASE\spring-boot-starter-test-2.0.2.RELEASE.jar;D:\apache-maven-3.2.3-bin\apache-maven-3.2.3\pool\3.2.3\org\springframework\boot\spring-boot-test\2.0.2.RELEASE\spring-boot-test-2.0.2.RELEASE.jar;D:\apache-maven-3.2.3-bin\apache-maven-3.2.3\pool\3.2.3\org\springframework\boot\spring-boot-test-autoconfigure\2.0.2.RELEASE\spring-boot-test-autoconfigure-2.0.2.RELEASE.jar;D:\apache-maven-3.2.3-bin\apache-maven-3.2.3\pool\3.2.3\com\jayway\jsonpath\json-path\2.4.0\json-path-2.4.0.jar;D:\apache-maven-3.2.3-bin\apache-maven-3.2.3\pool\3.2.3\net\minidev\json-smart\2.3\json-smart-2.3.jar;D:\apache-maven-3.2.3-bin\apache-maven-3.2.3\pool\3.2.3\net\minidev\accessors-smart\1.2\accessors-smart-1.2.jar;D:\apache-maven-3.2.3-bin\apache-maven-3.2.3\pool\3.2.3\org\ow2\asm\asm\5.0.4\asm-5.0.4.jar;D:\apache-maven-3.2.3-bin\apache-maven-3.2.3\pool\3.2.3\junit\junit\4.12\junit-4.12.jar;D:\apache-maven-3.2.3-bin\apache-maven-3.2.3\pool\3.2.3\org\assertj\assertj-core\3.9.1\assertj-core-3.9.1.jar;D:\apache-maven-3.2.3-bin\apache-maven-3.2.3\pool\3.2.3\org\mockito\mockito-core\2.15.0\mockito-core-2.15.0.jar;D:\apache-maven-3.2.3-bin\apache-maven-3.2.3\pool\3.2.3\net\bytebuddy\byte-buddy\1.7.11\byte-buddy-1.7.11.jar;D:\apache-maven-3.2.3-bin\apache-maven-3.2.3\pool\3.2.3\net\bytebuddy\byte-buddy-agent\1.7.11\byte-buddy-agent-1.7.11.jar;D:\apache-maven-3.2.3-bin\apache-maven-3.2.3\pool\3.2.3\org\objenesis\objenesis\2.6\objenesis-2.6.jar;D:\apache-maven-3.2.3-bin\apache-maven-3.2.3\pool\3.2.3\org\hamcrest\hamcrest-core\1.3\hamcrest-core-1.3.jar;D:\apache-maven-3.2.3-bin\apache-maven-3.2.3\pool\3.2.3\org\hamcrest\hamcrest-library\1.3\hamcrest-library-1.3.jar;D:\apache-maven-3.2.3-bin\apache-maven-3.2.3\pool\3.2.3\org\skyscreamer\jsonassert\1.5.0\jsonassert-1.5.0.jar;D:\apache-maven-3.2.3-bin\apache-maven-3.2.3\pool\3.2.3\com\vaadin\external\google\android-json\0.0.20131108.vaadin1\android-json-0.0.20131108.vaadin1.jar;D:\apache-maven-3.2.3-bin\apache-maven-3.2.3\pool\3.2.3\org\springframework\spring-core\5.0.6.RELEASE\spring-core-5.0.6.RELEASE.jar;D:\apache-maven-3.2.3-bin\apache-maven-3.2.3\pool\3.2.3\org\springframework\spring-jcl\5.0.6.RELEASE\spring-jcl-5.0.6.RELEASE.jar;D:\apache-maven-3.2.3-bin\apache-maven-3.2.3\pool\3.2.3\org\springframework\spring-test\5.0.6.RELEASE\spring-test-5.0.6.RELEASE.jar;D:\apache-maven-3.2.3-bin\apache-maven-3.2.3\pool\3.2.3\org\xmlunit\xmlunit-core\2.5.1\xmlunit-core-2.5.1.jar;D:\apache-maven-3.2.3-bin\apache-maven-3.2.3\pool\3.2.3\mysql\mysql-connector-java\5.1.46\mysql-connector-java-5.1.46.jar;D:\apache-maven-3.2.3-bin\apache-maven-3.2.3\pool\3.2.3\com\alibaba\fastjson\1.2.47\fastjson-1.2.47.jar;D:\apache-maven-3.2.3-bin\apache-maven-3.2.3\pool\3.2.3\org\apache\shiro\shiro-spring\1.3.2\shiro-spring-1.3.2.jar;D:\apache-maven-3.2.3-bin\apache-maven-3.2.3\pool\3.2.3\org\apache\shiro\shiro-core\1.3.2\shiro-core-1.3.2.jar;D:\apache-maven-3.2.3-bin\apache-maven-3.2.3\pool\3.2.3\commons-beanutils\commons-beanutils\1.8.3\commons-beanutils-1.8.3.jar;D:\apache-maven-3.2.3-bin\apache-maven-3.2.3\pool\3.2.3\org\apache\shiro\shiro-web\1.3.2\shiro-web-1.3.2.jar;D:\apache-maven-3.2.3-bin\apache-maven-3.2.3\pool\3.2.3\org\apache\shiro\shiro-ehcache\1.2.5\shiro-ehcache-1.2.5.jar;D:\apache-maven-3.2.3-bin\apache-maven-3.2.3\pool\3.2.3\net\sf\ehcache\ehcache-core\2.5.0\ehcache-core-2.5.0.jar;D:\apache-maven-3.2.3-bin\apache-maven-3.2.3\pool\3.2.3\org\slf4j\slf4j-api\1.7.25\slf4j-api-1.7.25.jar;D:\apache-maven-3.2.3-bin\apache-maven-3.2.3\pool\3.2.3\org\springframework\boot\spring-boot-devtools\2.0.2.RELEASE\spring-boot-devtools-2.0.2.RELEASE.jar;D:\apache-maven-3.2.3-bin\apache-maven-3.2.3\pool\3.2.3\org\springframework\boot\spring-boot\2.0.2.RELEASE\spring-boot-2.0.2.RELEASE.jar;D:\apache-maven-3.2.3-bin\apache-maven-3.2.3\pool\3.2.3\org\springframework\boot\spring-boot-autoconfigure\2.0.2.RELEASE\spring-boot-autoconfigure-2.0.2.RELEASE.jar;D:\apache-maven-3.2.3-bin\apache-maven-3.2.3\pool\3.2.3\org\springframework\boot\spring-boot-starter-freemarker\2.0.2.RELEASE\spring-boot-starter-freemarker-2.0.2.RELEASE.jar;D:\apache-maven-3.2.3-bin\apache-maven-3.2.3\pool\3.2.3\org\freemarker\freemarker\2.3.28\freemarker-2.3.28.jar;D:\apache-maven-3.2.3-bin\apache-maven-3.2.3\pool\3.2.3\org\springframework\spring-context-support\5.0.6.RELEASE\spring-context-support-5.0.6.RELEASE.jar;D:\apache-maven-3.2.3-bin\apache-maven-3.2.3\pool\3.2.3\org\mybatis\spring\boot\mybatis-spring-boot-starter\1.3.1\mybatis-spring-boot-starter-1.3.1.jar;D:\apache-maven-3.2.3-bin\apache-maven-3.2.3\pool\3.2.3\org\springframework\boot\spring-boot-starter-jdbc\2.0.2.RELEASE\spring-boot-starter-jdbc-2.0.2.RELEASE.jar;D:\apache-maven-3.2.3-bin\apache-maven-3.2.3\pool\3.2.3\com\zaxxer\HikariCP\2.7.9\HikariCP-2.7.9.jar;D:\apache-maven-3.2.3-bin\apache-maven-3.2.3\pool\3.2.3\org\springframework\spring-jdbc\5.0.6.RELEASE\spring-jdbc-5.0.6.RELEASE.jar;D:\apache-maven-3.2.3-bin\apache-maven-3.2.3\pool\3.2.3\org\mybatis\spring\boot\mybatis-spring-boot-autoconfigure\1.3.1\mybatis-spring-boot-autoconfigure-1.3.1.jar;D:\apache-maven-3.2.3-bin\apache-maven-3.2.3\pool\3.2.3\org\mybatis\mybatis\3.4.5\mybatis-3.4.5.jar;D:\apache-maven-3.2.3-bin\apache-maven-3.2.3\pool\3.2.3\org\mybatis\mybatis-spring\1.3.1\mybatis-spring-1.3.1.jar;, java.specification.name=Java Platform API Specification, java.class.version=52.0, sun.management.compiler=HotSpot 64-Bit Tiered Compilers, os.version=6.1, user.home=C:\Users\LongLi, user.timezone=Asia/Shanghai, java.awt.printerjob=sun.awt.windows.WPrinterJob, file.encoding=GBK, java.specification.version=1.8, java.class.path=C:\Users\LongLi\Desktop\price-publishing-system\target\test-classes;C:\Users\LongLi\Desktop\price-publishing-system\target\classes;D:\apache-maven-3.2.3-bin\apache-maven-3.2.3\pool\3.2.3\org\springframework\boot\spring-boot-starter-web\2.0.2.RELEASE\spring-boot-starter-web-2.0.2.RELEASE.jar;D:\apache-maven-3.2.3-bin\apache-maven-3.2.3\pool\3.2.3\org\springframework\boot\spring-boot-starter\2.0.2.RELEASE\spring-boot-starter-2.0.2.RELEASE.jar;D:\apache-maven-3.2.3-bin\apache-maven-3.2.3\pool\3.2.3\org\springframework\boot\spring-boot-starter-logging\2.0.2.RELEASE\spring-boot-starter-logging-2.0.2.RELEASE.jar;D:\apache-maven-3.2.3-bin\apache-maven-3.2.3\pool\3.2.3\ch\qos\logback\logback-classic\1.2.3\logback-classic-1.2.3.jar;D:\apache-maven-3.2.3-bin\apache-maven-3.2.3\pool\3.2.3\ch\qos\logback\logback-core\1.2.3\logback-core-1.2.3.jar;D:\apache-maven-3.2.3-bin\apache-maven-3.2.3\pool\3.2.3\org\apache\logging\log4j\log4j-to-slf4j\2.10.0\log4j-to-slf4j-2.10.0.jar;D:\apache-maven-3.2.3-bin\apache-maven-3.2.3\pool\3.2.3\org\apache\logging\log4j\log4j-api\2.10.0\log4j-api-2.10.0.jar;D:\apache-maven-3.2.3-bin\apache-maven-3.2.3\pool\3.2.3\org\slf4j\jul-to-slf4j\1.7.25\jul-to-slf4j-1.7.25.jar;D:\apache-maven-3.2.3-bin\apache-maven-3.2.3\pool\3.2.3\javax\annotation\javax.annotation-api\1.3.2\javax.annotation-api-1.3.2.jar;D:\apache-maven-3.2.3-bin\apache-maven-3.2.3\pool\3.2.3\org\yaml\snakeyaml\1.19\snakeyaml-1.19.jar;D:\apache-maven-3.2.3-bin\apache-maven-3.2.3\pool\3.2.3\org\springframework\boot\spring-boot-starter-json\2.0.2.RELEASE\spring-boot-starter-json-2.0.2.RELEASE.jar;D:\apache-maven-3.2.3-bin\apache-maven-3.2.3\pool\3.2.3\com\fasterxml\jackson\core\jackson-databind\2.9.5\jackson-databind-2.9.5.jar;D:\apache-maven-3.2.3-bin\apache-maven-3.2.3\pool\3.2.3\com\fasterxml\jackson\core\jackson-annotations\2.9.0\jackson-annotations-2.9.0.jar;D:\apache-maven-3.2.3-bin\apache-maven-3.2.3\pool\3.2.3\com\fasterxml\jackson\core\jackson-core\2.9.5\jackson-core-2.9.5.jar;D:\apache-maven-3.2.3-bin\apache-maven-3.2.3\pool\3.2.3\com\fasterxml\jackson\datatype\jackson-datatype-jdk8\2.9.5\jackson-datatype-jdk8-2.9.5.jar;D:\apache-maven-3.2.3-bin\apache-maven-3.2.3\pool\3.2.3\com\fasterxml\jackson\datatype\jackson-datatype-jsr310\2.9.5\jackson-datatype-jsr310-2.9.5.jar;D:\apache-maven-3.2.3-bin\apache-maven-3.2.3\pool\3.2.3\com\fasterxml\jackson\module\jackson-module-parameter-names\2.9.5\jackson-module-parameter-names-2.9.5.jar;D:\apache-maven-3.2.3-bin\apache-maven-3.2.3\pool\3.2.3\org\springframework\boot\spring-boot-starter-tomcat\2.0.2.RELEASE\spring-boot-starter-tomcat-2.0.2.RELEASE.jar;D:\apache-maven-3.2.3-bin\apache-maven-3.2.3\pool\3.2.3\org\apache\tomcat\embed\tomcat-embed-core\8.5.31\tomcat-embed-core-8.5.31.jar;D:\apache-maven-3.2.3-bin\apache-maven-3.2.3\pool\3.2.3\org\apache\tomcat\embed\tomcat-embed-el\8.5.31\tomcat-embed-el-8.5.31.jar;D:\apache-maven-3.2.3-bin\apache-maven-3.2.3\pool\3.2.3\org\apache\tomcat\embed\tomcat-embed-websocket\8.5.31\tomcat-embed-websocket-8.5.31.jar;D:\apache-maven-3.2.3-bin\apache-maven-3.2.3\pool\3.2.3\org\hibernate\validator\hibernate-validator\6.0.9.Final\hibernate-validator-6.0.9.Final.jar;D:\apache-maven-3.2.3-bin\apache-maven-3.2.3\pool\3.2.3\javax\validation\validation-api\2.0.1.Final\validation-api-2.0.1.Final.jar;D:\apache-maven-3.2.3-bin\apache-maven-3.2.3\pool\3.2.3\org\jboss\logging\jboss-logging\3.3.2.Final\jboss-logging-3.3.2.Final.jar;D:\apache-maven-3.2.3-bin\apache-maven-3.2.3\pool\3.2.3\com\fasterxml\classmate\1.3.4\classmate-1.3.4.jar;D:\apache-maven-3.2.3-bin\apache-maven-3.2.3\pool\3.2.3\org\springframework\spring-web\5.0.6.RELEASE\spring-web-5.0.6.RELEASE.jar;D:\apache-maven-3.2.3-bin\apache-maven-3.2.3\pool\3.2.3\org\springframework\spring-beans\5.0.6.RELEASE\spring-beans-5.0.6.RELEASE.jar;D:\apache-maven-3.2.3-bin\apache-maven-3.2.3\pool\3.2.3\org\springframework\spring-webmvc\5.0.6.RELEASE\spring-webmvc-5.0.6.RELEASE.jar;D:\apache-maven-3.2.3-bin\apache-maven-3.2.3\pool\3.2.3\org\springframework\spring-aop\5.0.6.RELEASE\spring-aop-5.0.6.RELEASE.jar;D:\apache-maven-3.2.3-bin\apache-maven-3.2.3\pool\3.2.3\org\springframework\spring-context\5.0.6.RELEASE\spring-context-5.0.6.RELEASE.jar;D:\apache-maven-3.2.3-bin\apache-maven-3.2.3\pool\3.2.3\org\springframework\spring-expression\5.0.6.RELEASE\spring-expression-5.0.6.RELEASE.jar;D:\apache-maven-3.2.3-bin\apache-maven-3.2.3\pool\3.2.3\org\springframework\boot\spring-boot-starter-data-redis\2.0.2.RELEASE\spring-boot-starter-data-redis-2.0.2.RELEASE.jar;D:\apache-maven-3.2.3-bin\apache-maven-3.2.3\pool\3.2.3\org\springframework\data\spring-data-redis\2.0.7.RELEASE\spring-data-redis-2.0.7.RELEASE.jar;D:\apache-maven-3.2.3-bin\apache-maven-3.2.3\pool\3.2.3\org\springframework\data\spring-data-keyvalue\2.0.7.RELEASE\spring-data-keyvalue-2.0.7.RELEASE.jar;D:\apache-maven-3.2.3-bin\apache-maven-3.2.3\pool\3.2.3\org\springframework\data\spring-data-commons\2.0.7.RELEASE\spring-data-commons-2.0.7.RELEASE.jar;D:\apache-maven-3.2.3-bin\apache-maven-3.2.3\pool\3.2.3\org\springframework\spring-tx\5.0.6.RELEASE\spring-tx-5.0.6.RELEASE.jar;D:\apache-maven-3.2.3-bin\apache-maven-3.2.3\pool\3.2.3\org\springframework\spring-oxm\5.0.6.RELEASE\spring-oxm-5.0.6.RELEASE.jar;D:\apache-maven-3.2.3-bin\apache-maven-3.2.3\pool\3.2.3\io\lettuce\lettuce-core\5.0.4.RELEASE\lettuce-core-5.0.4.RELEASE.jar;D:\apache-maven-3.2.3-bin\apache-maven-3.2.3\pool\3.2.3\io\projectreactor\reactor-core\3.1.7.RELEASE\reactor-core-3.1.7.RELEASE.jar;D:\apache-maven-3.2.3-bin\apache-maven-3.2.3\pool\3.2.3\org\reactivestreams\reactive-streams\1.0.2\reactive-streams-1.0.2.jar;D:\apache-maven-3.2.3-bin\apache-maven-3.2.3\pool\3.2.3\io\netty\netty-common\4.1.24.Final\netty-common-4.1.24.Final.jar;D:\apache-maven-3.2.3-bin\apache-maven-3.2.3\pool\3.2.3\io\netty\netty-transport\4.1.24.Final\netty-transport-4.1.24.Final.jar;D:\apache-maven-3.2.3-bin\apache-maven-3.2.3\pool\3.2.3\io\netty\netty-buffer\4.1.24.Final\netty-buffer-4.1.24.Final.jar;D:\apache-maven-3.2.3-bin\apache-maven-3.2.3\pool\3.2.3\io\netty\netty-resolver\4.1.24.Final\netty-resolver-4.1.24.Final.jar;D:\apache-maven-3.2.3-bin\apache-maven-3.2.3\pool\3.2.3\io\netty\netty-handler\4.1.24.Final\netty-handler-4.1.24.Final.jar;D:\apache-maven-3.2.3-bin\apache-maven-3.2.3\pool\3.2.3\io\netty\netty-codec\4.1.24.Final\netty-codec-4.1.24.Final.jar;D:\apache-maven-3.2.3-bin\apache-maven-3.2.3\pool\3.2.3\org\springframework\boot\spring-boot-starter-test\2.0.2.RELEASE\spring-boot-starter-test-2.0.2.RELEASE.jar;D:\apache-maven-3.2.3-bin\apache-maven-3.2.3\pool\3.2.3\org\springframework\boot\spring-boot-test\2.0.2.RELEASE\spring-boot-test-2.0.2.RELEASE.jar;D:\apache-maven-3.2.3-bin\apache-maven-3.2.3\pool\3.2.3\org\springframework\boot\spring-boot-test-autoconfigure\2.0.2.RELEASE\spring-boot-test-autoconfigure-2.0.2.RELEASE.jar;D:\apache-maven-3.2.3-bin\apache-maven-3.2.3\pool\3.2.3\com\jayway\jsonpath\json-path\2.4.0\json-path-2.4.0.jar;D:\apache-maven-3.2.3-bin\apache-maven-3.2.3\pool\3.2.3\net\minidev\json-smart\2.3\json-smart-2.3.jar;D:\apache-maven-3.2.3-bin\apache-maven-3.2.3\pool\3.2.3\net\minidev\accessors-smart\1.2\accessors-smart-1.2.jar;D:\apache-maven-3.2.3-bin\apache-maven-3.2.3\pool\3.2.3\org\ow2\asm\asm\5.0.4\asm-5.0.4.jar;D:\apache-maven-3.2.3-bin\apache-maven-3.2.3\pool\3.2.3\junit\junit\4.12\junit-4.12.jar;D:\apache-maven-3.2.3-bin\apache-maven-3.2.3\pool\3.2.3\org\assertj\assertj-core\3.9.1\assertj-core-3.9.1.jar;D:\apache-maven-3.2.3-bin\apache-maven-3.2.3\pool\3.2.3\org\mockito\mockito-core\2.15.0\mockito-core-2.15.0.jar;D:\apache-maven-3.2.3-bin\apache-maven-3.2.3\pool\3.2.3\net\bytebuddy\byte-buddy\1.7.11\byte-buddy-1.7.11.jar;D:\apache-maven-3.2.3-bin\apache-maven-3.2.3\pool\3.2.3\net\bytebuddy\byte-buddy-agent\1.7.11\byte-buddy-agent-1.7.11.jar;D:\apache-maven-3.2.3-bin\apache-maven-3.2.3\pool\3.2.3\org\objenesis\objenesis\2.6\objenesis-2.6.jar;D:\apache-maven-3.2.3-bin\apache-maven-3.2.3\pool\3.2.3\org\hamcrest\hamcrest-core\1.3\hamcrest-core-1.3.jar;D:\apache-maven-3.2.3-bin\apache-maven-3.2.3\pool\3.2.3\org\hamcrest\hamcrest-library\1.3\hamcrest-library-1.3.jar;D:\apache-maven-3.2.3-bin\apache-maven-3.2.3\pool\3.2.3\org\skyscreamer\jsonassert\1.5.0\jsonassert-1.5.0.jar;D:\apache-maven-3.2.3-bin\apache-maven-3.2.3\pool\3.2.3\com\vaadin\external\google\android-json\0.0.20131108.vaadin1\android-json-0.0.20131108.vaadin1.jar;D:\apache-maven-3.2.3-bin\apache-maven-3.2.3\pool\3.2.3\org\springframework\spring-core\5.0.6.RELEASE\spring-core-5.0.6.RELEASE.jar;D:\apache-maven-3.2.3-bin\apache-maven-3.2.3\pool\3.2.3\org\springframework\spring-jcl\5.0.6.RELEASE\spring-jcl-5.0.6.RELEASE.jar;D:\apache-maven-3.2.3-bin\apache-maven-3.2.3\pool\3.2.3\org\springframework\spring-test\5.0.6.RELEASE\spring-test-5.0.6.RELEASE.jar;D:\apache-maven-3.2.3-bin\apache-maven-3.2.3\pool\3.2.3\org\xmlunit\xmlunit-core\2.5.1\xmlunit-core-2.5.1.jar;D:\apache-maven-3.2.3-bin\apache-maven-3.2.3\pool\3.2.3\mysql\mysql-connector-java\5.1.46\mysql-connector-java-5.1.46.jar;D:\apache-maven-3.2.3-bin\apache-maven-3.2.3\pool\3.2.3\com\alibaba\fastjson\1.2.47\fastjson-1.2.47.jar;D:\apache-maven-3.2.3-bin\apache-maven-3.2.3\pool\3.2.3\org\apache\shiro\shiro-spring\1.3.2\shiro-spring-1.3.2.jar;D:\apache-maven-3.2.3-bin\apache-maven-3.2.3\pool\3.2.3\org\apache\shiro\shiro-core\1.3.2\shiro-core-1.3.2.jar;D:\apache-maven-3.2.3-bin\apache-maven-3.2.3\pool\3.2.3\commons-beanutils\commons-beanutils\1.8.3\commons-beanutils-1.8.3.jar;D:\apache-maven-3.2.3-bin\apache-maven-3.2.3\pool\3.2.3\org\apache\shiro\shiro-web\1.3.2\shiro-web-1.3.2.jar;D:\apache-maven-3.2.3-bin\apache-maven-3.2.3\pool\3.2.3\org\apache\shiro\shiro-ehcache\1.2.5\shiro-ehcache-1.2.5.jar;D:\apache-maven-3.2.3-bin\apache-maven-3.2.3\pool\3.2.3\net\sf\ehcache\ehcache-core\2.5.0\ehcache-core-2.5.0.jar;D:\apache-maven-3.2.3-bin\apache-maven-3.2.3\pool\3.2.3\org\slf4j\slf4j-api\1.7.25\slf4j-api-1.7.25.jar;D:\apache-maven-3.2.3-bin\apache-maven-3.2.3\pool\3.2.3\org\springframework\boot\spring-boot-devtools\2.0.2.RELEASE\spring-boot-devtools-2.0.2.RELEASE.jar;D:\apache-maven-3.2.3-bin\apache-maven-3.2.3\pool\3.2.3\org\springframework\boot\spring-boot\2.0.2.RELEASE\spring-boot-2.0.2.RELEASE.jar;D:\apache-maven-3.2.3-bin\apache-maven-3.2.3\pool\3.2.3\org\springframework\boot\spring-boot-autoconfigure\2.0.2.RELEASE\spring-boot-autoconfigure-2.0.2.RELEASE.jar;D:\apache-maven-3.2.3-bin\apache-maven-3.2.3\pool\3.2.3\org\springframework\boot\spring-boot-starter-freemarker\2.0.2.RELEASE\spring-boot-starter-freemarker-2.0.2.RELEASE.jar;D:\apache-maven-3.2.3-bin\apache-maven-3.2.3\pool\3.2.3\org\freemarker\freemarker\2.3.28\freemarker-2.3.28.jar;D:\apache-maven-3.2.3-bin\apache-maven-3.2.3\pool\3.2.3\org\springframework\spring-context-support\5.0.6.RELEASE\spring-context-support-5.0.6.RELEASE.jar;D:\apache-maven-3.2.3-bin\apache-maven-3.2.3\pool\3.2.3\org\mybatis\spring\boot\mybatis-spring-boot-starter\1.3.1\mybatis-spring-boot-starter-1.3.1.jar;D:\apache-maven-3.2.3-bin\apache-maven-3.2.3\pool\3.2.3\org\springframework\boot\spring-boot-starter-jdbc\2.0.2.RELEASE\spring-boot-starter-jdbc-2.0.2.RELEASE.jar;D:\apache-maven-3.2.3-bin\apache-maven-3.2.3\pool\3.2.3\com\zaxxer\HikariCP\2.7.9\HikariCP-2.7.9.jar;D:\apache-maven-3.2.3-bin\apache-maven-3.2.3\pool\3.2.3\org\springframework\spring-jdbc\5.0.6.RELEASE\spring-jdbc-5.0.6.RELEASE.jar;D:\apache-maven-3.2.3-bin\apache-maven-3.2.3\pool\3.2.3\org\mybatis\spring\boot\mybatis-spring-boot-autoconfigure\1.3.1\mybatis-spring-boot-autoconfigure-1.3.1.jar;D:\apache-maven-3.2.3-bin\apache-maven-3.2.3\pool\3.2.3\org\mybatis\mybatis\3.4.5\mybatis-3.4.5.jar;D:\apache-maven-3.2.3-bin\apache-maven-3.2.3\pool\3.2.3\org\mybatis\mybatis-spring\1.3.1\mybatis-spring-1.3.1.jar;, user.name=zcy, java.vm.specification.version=1.8, sun.java.command=C:\Users\LongLi\AppData\Local\Temp\surefire4278351951754333682\surefirebooter7334057685830199878.jar C:\Users\LongLi\AppData\Local\Temp\surefire4278351951754333682 2018-06-05T16-46-38_000-jvmRun1 surefire4363093165487663677tmp surefire_0606032971306698924tmp, java.home=C:\Program Files\Java\jdk1.8.0_92\jre, sun.arch.data.model=64, user.language=zh, java.specification.vendor=Oracle Corporation, awt.toolkit=sun.awt.windows.WToolkit, java.vm.info=mixed mode, java.version=1.8.0_92, java.ext.dirs=C:\Program Files\Java\jdk1.8.0_92\jre\lib\ext;C:\Windows\Sun\Java\lib\ext, sun.boot.class.path=C:\Program Files\Java\jdk1.8.0_92\jre\lib\resources.jar;C:\Program Files\Java\jdk1.8.0_92\jre\lib\rt.jar;C:\Program Files\Java\jdk1.8.0_92\jre\lib\sunrsasign.jar;C:\Program Files\Java\jdk1.8.0_92\jre\lib\jsse.jar;C:\Program Files\Java\jdk1.8.0_92\jre\lib\jce.jar;C:\Program Files\Java\jdk1.8.0_92\jre\lib\charsets.jar;C:\Program Files\Java\jdk1.8.0_92\jre\lib\jfr.jar;C:\Program Files\Java\jdk1.8.0_92\jre\classes, java.vendor=Oracle Corporation, localRepository=D:\apache-maven-3.2.3-bin\apache-maven-3.2.3\pool\3.2.3, file.separator=\, java.vendor.url.bug=http://bugreport.sun.com/bugreport/, sun.io.unicode.encoding=UnicodeLittle, sun.cpu.endian=little, sun.desktop=windows, sun.cpu.isalist=amd64}}, SystemEnvironmentPropertySource@658532887 {name='systemEnvironment', properties={PATH=C:\Program Files (x86)\Common Files\Oracle\Java\javapath;D:\curl\bin;C:\Program Files\Java\jdk1.8.0_92\bin;C:\Program Files\Java\jdk1.8.0_92\jre\bin;D:\VanDyke Software\Clients\;C:\ProgramData\Oracle\Java\javapath;C:\Windows\system32;C:\Windows;C:\Windows\System32\Wbem;C:\Windows\System32\WindowsPowerShell\v1.0\;C:\Program Files (x86)\NVIDIA Corporation\PhysX\Common;C:\Program Files\Java\jdk1.8.0_92\bin;C:\Program Files\Java\jdk1.8.0_92jre\bin;D:\apache-maven-3.2.3-bin\apache-maven-3.2.3\bin;D:\xampp\tomcat\bin;D:\xampp\mysql\bin;C:\Program Files\TortoiseSVN\bin;D:\Git\cmd, PROCESSOR_LEVEL=6, SYSTEMDRIVE=C:, FP_NO_HOST_CHECK=NO, SESSIONNAME=Console, ALLUSERSPROFILE=C:\ProgramData, PROCESSOR_ARCHITECTURE=AMD64, PROGRAMFILES=C:\Program Files, PSMODULEPATH=C:\Windows\system32\WindowsPowerShell\v1.0\Modules\, PROGRAMDATA=C:\ProgramData, USERNAME=zcy, PATHEXT=.COM;.EXE;.BAT;.CMD;.VBS;.VBE;.JS;.JSE;.WSF;.WSH;.MSC, CLASSWORLDS_JAR="D:\apache-maven-3.2.3-bin\apache-maven-3.2.3\bin\..\boot\plexus-classworlds-2.5.1.jar", WINDIR=C:\Windows, HOMEPATH=\Users\LongLi, PROCESSOR_IDENTIFIER=Intel64 Family 6 Model 60 Stepping 3, GenuineIntel, WINDOWS_TRACING_LOGFILE=C:\BVTBin\Tests\installpackage\csilogfile.log, M2_HOME=D:\apache-maven-3.2.3-bin\apache-maven-3.2.3\bin\.., MAVEN_JAVA_EXE="C:\Program Files\Java\jdk1.8.0_92\bin\java.exe", PUBLIC=C:\Users\Public, =EXITCODE=00000001, OPENSSL_CONF=D:\OpenSSL-Win64\bin\openssl.cfg, LOCALAPPDATA=C:\Users\LongLi\AppData\Local, COMMONPROGRAMFILES(X86)=C:\Program Files (x86)\Common Files, USERDOMAIN=LongLi-PC, LOGONSERVER=\\LONGLI-PC, JAVA_HOME=C:\Program Files\Java\jdk1.8.0_92, PROMPT=$P$G, PROGRAMFILES(X86)=C:\Program Files (x86), ERROR_CODE=0, WINDOWS_TRACING_FLAGS=3, =C:=C:\Users\LongLi\Desktop\price-publishing-system, APPDATA=C:\Users\LongLi\AppData\Roaming, PROGRAMW6432=C:\Program Files, SYSTEMROOT=C:\Windows, MAVEN_CMD_LINE_ARGS=clean install, OS=Windows_NT, COMMONPROGRAMW6432=C:\Program Files\Common Files, COMPUTERNAME=LONGLI-PC, COMMONPROGRAMFILES=C:\Program Files\Common Files, COMSPEC=C:\Windows\system32\cmd.exe, CURL_HOME=D:\curl\bin, PROCESSOR_REVISION=3c03, CLASSPATH=.;C:\Program Files\Java\jdk1.8.0_92\lib\dt.jar;C:\Program Files\Java\jdk1.8.0_92\lib\tools.jar;, CLASSWORLDS_LAUNCHER=org.codehaus.plexus.classworlds.launcher.Launcher, TEMP=C:\Users\LongLi\AppData\Local\Temp, HOMEDRIVE=C:, USERPROFILE=C:\Users\LongLi, TMP=C:\Users\LongLi\AppData\Local\Temp, NUMBER_OF_PROCESSORS=8, HOME=C:\Users\LongLi}}]
16:46:39.043 [main] DEBUG org.springframework.test.context.support.TestPropertySourceUtils - Adding inlined properties to environment: {spring.jmx.enabled=false, org.springframework.boot.test.context.SpringBootTestContextBootstrapper=true, server.port=-1}
16:46:39.043 [main] DEBUG org.springframework.core.env.StandardEnvironment - Adding PropertySource 'Inlined Test Properties' with highest search precedence

  .   ____          _            __ _ _
 /\\ / ___'_ __ _ _(_)_ __  __ _ \ \ \ \
( ( )\___ | '_ | '_| | '_ \/ _` | \ \ \ \
 \\/  ___)| |_)| | | | | || (_| |  ) ) ) )
  '  |____| .__|_| |_|_| |_\__, | / / / /
 =========|_|==============|___/=/_/_/_/
 :: Spring Boot ::        (v2.0.2.RELEASE)

2018-06-05 16:46:39.267  INFO 7440 --- [           main] .p.PricePublishingSystemApplicationTests : Starting PricePublishingSystemApplicationTests on LongLi-PC with PID 7440 (started by zcy in C:\Users\LongLi\Desktop\price-publishing-system)
2018-06-05 16:46:39.269  INFO 7440 --- [           main] .p.PricePublishingSystemApplicationTests : No active profile set, falling back to default profiles: default
2018-06-05 16:46:39.317  INFO 7440 --- [           main] o.s.w.c.s.GenericWebApplicationContext   : Refreshing org.springframework.web.context.support.GenericWebApplicationContext@29a5f4e7: startup date [Tue Jun 05 16:46:39 CST 2018]; root of context hierarchy
2018-06-05 16:46:39.976  INFO 7440 --- [           main] .s.d.r.c.RepositoryConfigurationDelegate : Multiple Spring Data modules found, entering strict repository configuration mode!
2018-06-05 16:46:40.438  INFO 7440 --- [           main] trationDelegate$BeanPostProcessorChecker : Bean 'org.springframework.boot.context.properties.ConversionServiceDeducer$Factory' of type [org.springframework.boot.context.properties.ConversionServiceDeducer$Factory] is not eligible for getting processed by all BeanPostProcessors (for example: not eligible for auto-proxying)
2018-06-05 16:46:40.446  INFO 7440 --- [           main] trationDelegate$BeanPostProcessorChecker : Bean 'org.springframework.transaction.annotation.ProxyTransactionManagementConfiguration' of type [org.springframework.transaction.annotation.ProxyTransactionManagementConfiguration$$EnhancerBySpringCGLIB$$42f8d751] is not eligible for getting processed by all BeanPostProcessors (for example: not eligible for auto-proxying)
2018-06-05 16:46:40.489  INFO 7440 --- [           main] trationDelegate$BeanPostProcessorChecker : Bean 'mybatis-org.mybatis.spring.boot.autoconfigure.MybatisProperties' of type [org.mybatis.spring.boot.autoconfigure.MybatisProperties] is not eligible for getting processed by all BeanPostProcessors (for example: not eligible for auto-proxying)
2018-06-05 16:46:40.500  INFO 7440 --- [           main] trationDelegate$BeanPostProcessorChecker : Bean 'org.mybatis.spring.boot.autoconfigure.MybatisAutoConfiguration' of type [org.mybatis.spring.boot.autoconfigure.MybatisAutoConfiguration$$EnhancerBySpringCGLIB$$75cd2881] is not eligible for getting processed by all BeanPostProcessors (for example: not eligible for auto-proxying)
2018-06-05 16:46:40.505  INFO 7440 --- [           main] trationDelegate$BeanPostProcessorChecker : Bean 'org.springframework.boot.autoconfigure.jdbc.DataSourceConfiguration$Hikari' of type [org.springframework.boot.autoconfigure.jdbc.DataSourceConfiguration$Hikari] is not eligible for getting processed by all BeanPostProcessors (for example: not eligible for auto-proxying)
2018-06-05 16:46:40.524  INFO 7440 --- [           main] trationDelegate$BeanPostProcessorChecker : Bean 'spring.datasource-org.springframework.boot.autoconfigure.jdbc.DataSourceProperties' of type [org.springframework.boot.autoconfigure.jdbc.DataSourceProperties] is not eligible for getting processed by all BeanPostProcessors (for example: not eligible for auto-proxying)
2018-06-05 16:46:40.564  INFO 7440 --- [           main] trationDelegate$BeanPostProcessorChecker : Bean 'dataSource' of type [com.zaxxer.hikari.HikariDataSource] is not eligible for getting processed by all BeanPostProcessors (for example: not eligible for auto-proxying)
2018-06-05 16:46:40.585  INFO 7440 --- [           main] trationDelegate$BeanPostProcessorChecker : Bean 'org.springframework.boot.autoconfigure.jdbc.DataSourceInitializerInvoker' of type [org.springframework.boot.autoconfigure.jdbc.DataSourceInitializerInvoker] is not eligible for getting processed by all BeanPostProcessors (for example: not eligible for auto-proxying)
[...]
	at org.apache.ibatis.builder.ResultMapResolver.resolve(ResultMapResolver.java:47) ~[mybatis-3.4.5.jar:3.4.5]
	at org.apache.ibatis.builder.xml.XMLMapperBuilder.resultMapElement(XMLMapperBuilder.java:285) ~[mybatis-3.4.5.jar:3.4.5]
	at org.apache.ibatis.builder.xml.XMLMapperBuilder.resultMapElement(XMLMapperBuilder.java:252) ~[mybatis-3.4.5.jar:3.4.5]
	at org.apache.ibatis.builder.xml.XMLMapperBuilder.resultMapElements(XMLMapperBuilder.java:244) ~[mybatis-3.4.5.jar:3.4.5]
	at org.apache.ibatis.builder.xml.XMLMapperBuilder.configurationElement(XMLMapperBuilder.java:116) ~[mybatis-3.4.5.jar:3.4.5]
	... 86 common frames omitted

2018-06-05 16:46:40.858 ERROR 7440 --- [           main] o.s.test.context.TestContextManager      : Caught exception while allowing TestExecutionListener [org.springframework.test.context.web.ServletTestExecutionListener@290222c1] to prepare test instance [com.hywa.pricepublish.PricePublishingSystemApplicationTests@4682eba5]

java.lang.IllegalStateException: Failed to load ApplicationContext
	at org.springframework.test.context.cache.DefaultCacheAwareContextLoaderDelegate.loadContext(DefaultCacheAwareContextLoaderDelegate.java:125) ~[spring-test-5.0.6.RELEASE.jar:5.0.6.RELEASE]
	at org.springframework.test.context.support.DefaultTestContext.getApplicationContext(DefaultTestContext.java:108) ~[spring-test-5.0.6.RELEASE.jar:5.0.6.RELEASE]
	at org.springframework.test.context.web.ServletTestExecutionListener.setUpRequestContextIfNecessary(ServletTestExecutionListener.java:190) ~[spring-test-5.0.6.RELEASE.jar:5.0.6.RELEASE]
	at org.springframework.test.context.web.ServletTestExecutionListener.prepareTestInstance(ServletTestExecutionListener.java:132) ~[spring-test-5.0.6.RELEASE.jar:5.0.6.RELEASE]
	at org.springframework.test.context.TestContextManager.prepareTestInstance(TestContextManager.java:246) ~[spring-test-5.0.6.RELEASE.jar:5.0.6.RELEASE]
	at org.springframework.test.context.junit4.SpringJUnit4ClassRunner.createTest(SpringJUnit4ClassRunner.java:227) [spring-test-5.0.6.RELEASE.jar:5.0.6.RELEASE]
	at org.springframework.test.context.junit4.SpringJUnit4ClassRunner$1.runReflectiveCall(SpringJUnit4ClassRunner.java:289) [spring-test-5.0.6.RELEASE.jar:5.0.6.RELEASE]
	at org.junit.internal.runners.model.ReflectiveCallable.run(ReflectiveCallable.java:12) [junit-4.12.jar:4.12]
	at org.springframework.test.context.junit4.SpringJUnit4ClassRunner.methodBlock(SpringJUnit4ClassRunner.java:291) [spring-test-5.0.6.RELEASE.jar:5.0.6.RELEASE]
	at org.springframework.test.context.junit4.SpringJUnit4ClassRunner.runChild(SpringJUnit4ClassRunner.java:246) [spring-test-5.0.6.RELEASE.jar:5.0.6.RELEASE]
	at org.springframework.test.context.junit4.SpringJUnit4ClassRunner.runChild(SpringJUnit4ClassRunner.java:97) [spring-test-5.0.6.RELEASE.jar:5.0.6.RELEASE]
	at org.junit.runners.ParentRunner$3.run(ParentRunner.java:290) [junit-4.12.jar:4.12]
	at org.junit.runners.ParentRunner$1.schedule(ParentRunner.java:71) [junit-4.12.jar:4.12]
	at org.junit.runners.ParentRunner.runChildren(ParentRunner.java:288) [junit-4.12.jar:4.12]
	at org.junit.runners.ParentRunner.access$000(ParentRunner.java:58) [junit-4.12.jar:4.12]
	at org.junit.runners.ParentRunner$2.evaluate(ParentRunner.java:268) [junit-4.12.jar:4.12]
	at org.springframework.test.context.junit4.statements.RunBeforeTestClassCallbacks.evaluate(RunBeforeTestClassCallbacks.java:61) [spring-test-5.0.6.RELEASE.jar:5.0.6.RELEASE]
	at org.springframework.test.context.junit4.statements.RunAfterTestClassCallbacks.evaluate(RunAfterTestClassCallbacks.java:70) [spring-test-5.0.6.RELEASE.jar:5.0.6.RELEASE]
	at org.junit.runners.ParentRunner.run(ParentRunner.java:363) [junit-4.12.jar:4.12]
	at org.springframework.test.context.junit4.SpringJUnit4ClassRunner.run(SpringJUnit4ClassRunner.java:190) [spring-test-5.0.6.RELEASE.jar:5.0.6.RELEASE]
	at org.apache.maven.surefire.junit4.JUnit4Provider.execute(JUnit4Provider.java:365) [surefire-junit4-2.21.0.jar:2.21.0]
	at org.apache.maven.surefire.junit4.JUnit4Provider.executeWithRerun(JUnit4Provider.java:273) [surefire-junit4-2.21.0.jar:2.21.0]
	at org.apache.maven.surefire.junit4.JUnit4Provider.executeTestSet(JUnit4Provider.java:238) [surefire-junit4-2.21.0.jar:2.21.0]
	at org.apache.maven.surefire.junit4.JUnit4Provider.invoke(JUnit4Provider.java:159) [surefire-junit4-2.21.0.jar:2.21.0]
	at org.apache.maven.surefire.booter.ForkedBooter.invokeProviderInSameClassLoader(ForkedBooter.java:379) [surefire-booter-2.21.0.jar:2.21.0]
	at org.apache.maven.surefire.booter.ForkedBooter.runSuitesInProcess(ForkedBooter.java:340) [surefire-booter-2.21.0.jar:2.21.0]
	at org.apache.maven.surefire.booter.ForkedBooter.execute(ForkedBooter.java:125) [surefire-booter-2.21.0.jar:2.21.0]
	at org.apache.maven.surefire.booter.ForkedBooter.main(ForkedBooter.java:413) [surefire-booter-2.21.0.jar:2.21.0]
Caused by: org.springframework.beans.factory.UnsatisfiedDependencyException: Error creating bean with name 'shiroConfig': Unsatisfied dependency expressed through field 'permissionService'; nested exception is org.springframework.beans.factory.UnsatisfiedDependencyException: Error creating bean with name 'permissionServiceImpl': Unsatisfied dependency expressed through field 'permissionMapper'; nested exception is org.springframework.beans.factory.BeanCreationException: Error creating bean with name 'permissionMapper' defined in file [C:\Users\LongLi\Desktop\price-publishing-system\target\classes\com\hywa\pricepublish\dao\mapper\PermissionMapper.class]: Invocation of init method failed; nested exception is java.lang.IllegalArgumentException: org.apache.ibatis.builder.BuilderException: Error parsing Mapper XML. Cause: java.lang.IllegalArgumentException: Result Maps collection already contains value for com.hywa.pricepublish.dao.mapper.PermissionMapper.BaseResultMap
	at org.springframework.beans.factory.annotation.AutowiredAnnotationBeanPostProcessor$AutowiredFieldElement.inject(AutowiredAnnotationBeanPostProcessor.java:587) ~[spring-beans-5.0.6.RELEASE.jar:5.0.6.RELEASE]
	at org.springframework.beans.factory.annotation.InjectionMetadata.inject(InjectionMetadata.java:91) ~[spring-beans-5.0.6.RELEASE.jar:5.0.6.RELEASE]
	at org.springframework.beans.factory.annotation.AutowiredAnnotationBeanPostProcessor.postProcessPropertyValues(AutowiredAnnotationBeanPostProcessor.java:373) ~[spring-beans-5.0.6.RELEASE.jar:5.0.6.RELEASE]
	at org.springframework.beans.factory.support.AbstractAutowireCapableBeanFactory.populateBean(AbstractAutowireCapableBeanFactory.java:1348) ~[spring-beans-5.0.6.RELEASE.jar:5.0.6.RELEASE]
	at org.springframework.beans.factory.support.AbstractAutowireCapableBeanFactory.doCreateBean(AbstractAutowireCapableBeanFactory.java:578) ~[spring-beans-5.0.6.RELEASE.jar:5.0.6.RELEASE]
	at org.springframework.beans.factory.support.AbstractAutowireCapableBeanFactory.createBean(AbstractAutowireCapableBeanFactory.java:501) ~[spring-beans-5.0.6.RELEASE.jar:5.0.6.RELEASE]
	at org.springframework.beans.factory.support.AbstractBeanFactory.lambda$doGetBean$0(AbstractBeanFactory.java:317) ~[spring-beans-5.0.6.RELEASE.jar:5.0.6.RELEASE]
	at org.springframework.beans.factory.support.DefaultSingletonBeanRegistry.getSingleton(DefaultSingletonBeanRegistry.java:228) ~[spring-beans-5.0.6.RELEASE.jar:5.0.6.RELEASE]
	at org.springframework.beans.factory.support.AbstractBeanFactory.doGetBean(AbstractBeanFactory.java:315) ~[spring-beans-5.0.6.RELEASE.jar:5.0.6.RELEASE]
	at org.springframework.beans.factory.support.AbstractBeanFactory.getBean(AbstractBeanFactory.java:199) ~[spring-beans-5.0.6.RELEASE.jar:5.0.6.RELEASE]
	at org.springframework.beans.factory.support.ConstructorResolver.instantiateUsingFactoryMethod(ConstructorResolver.java:368) ~[spring-beans-5.0.6.RELEASE.jar:5.0.6.RELEASE]
	at org.springframework.beans.factory.support.AbstractAutowireCapableBeanFactory.instantiateUsingFactoryMethod(AbstractAutowireCapableBeanFactory.java:1254) ~[spring-beans-5.0.6.RELEASE.jar:5.0.6.RELEASE]
	at org.springframework.beans.factory.support.AbstractAutowireCapableBeanFactory.createBeanInstance(AbstractAutowireCapableBeanFactory.java:1103) ~[spring-beans-5.0.6.RELEASE.jar:5.0.6.RELEASE]
	at org.springframework.beans.factory.support.AbstractAutowireCapableBeanFactory.doCreateBean(AbstractAutowireCapableBeanFactory.java:541) ~[spring-beans-5.0.6.RELEASE.jar:5.0.6.RELEASE]
	at org.springframework.beans.factory.support.AbstractAutowireCapableBeanFactory.createBean(AbstractAutowireCapableBeanFactory.java:501) ~[spring-beans-5.0.6.RELEASE.jar:5.0.6.RELEASE]
	at org.springframework.beans.factory.support.AbstractBeanFactory.lambda$doGetBean$0(AbstractBeanFactory.java:317) ~[spring-beans-5.0.6.RELEASE.jar:5.0.6.RELEASE]
	at org.springframework.beans.factory.support.DefaultSingletonBeanRegistry.getSingleton(DefaultSingletonBeanRegistry.java:228) ~[spring-beans-5.0.6.RELEASE.jar:5.0.6.RELEASE]
	at org.springframework.beans.factory.support.AbstractBeanFactory.doGetBean(AbstractBeanFactory.java:315) ~[spring-beans-5.0.6.RELEASE.jar:5.0.6.RELEASE]
	at org.springframework.beans.factory.support.AbstractBeanFactory.getBean(AbstractBeanFactory.java:204) ~[spring-beans-5.0.6.RELEASE.jar:5.0.6.RELEASE]
	at org.springframework.context.support.PostProcessorRegistrationDelegate.registerBeanPostProcessors(PostProcessorRegistrationDelegate.java:238) ~[spring-context-5.0.6.RELEASE.jar:5.0.6.RELEASE]
	at org.springframework.context.support.AbstractApplicationContext.registerBeanPostProcessors(AbstractApplicationContext.java:710) ~[spring-context-5.0.6.RELEASE.jar:5.0.6.RELEASE]
	at org.springframework.context.support.AbstractApplicationContext.refresh(AbstractApplicationContext.java:535) ~[spring-context-5.0.6.RELEASE.jar:5.0.6.RELEASE]
	at org.springframework.boot.SpringApplication.refresh(SpringApplication.java:759) ~[spring-boot-2.0.2.RELEASE.jar:2.0.2.RELEASE]
	at org.springframework.boot.SpringApplication.refreshContext(SpringApplication.java:395) ~[spring-boot-2.0.2.RELEASE.jar:2.0.2.RELEASE]
	at org.springframework.boot.SpringApplication.run(SpringApplication.java:327) ~[spring-boot-2.0.2.RELEASE.jar:2.0.2.RELEASE]
	at org.springframework.boot.test.context.SpringBootContextLoader.loadContext(SpringBootContextLoader.java:139) ~[spring-boot-test-2.0.2.RELEASE.jar:2.0.2.RELEASE]
	at org.springframework.test.context.cache.DefaultCacheAwareContextLoaderDelegate.loadContextInternal(DefaultCacheAwareContextLoaderDelegate.java:99) ~[spring-test-5.0.6.RELEASE.jar:5.0.6.RELEASE]
	at org.springframework.test.context.cache.DefaultCacheAwareContextLoaderDelegate.loadContext(DefaultCacheAwareContextLoaderDelegate.java:117) ~[spring-test-5.0.6.RELEASE.jar:5.0.6.RELEASE]
	... 27 common frames omitted
Caused by: org.springframework.beans.factory.UnsatisfiedDependencyException: Error creating bean with name 'permissionServiceImpl': Unsatisfied dependency expressed through field 'permissionMapper'; nested exception is org.springframework.beans.factory.BeanCreationException: Error creating bean with name 'permissionMapper' defined in file [C:\Users\LongLi\Desktop\price-publishing-system\target\classes\com\hywa\pricepublish\dao\mapper\PermissionMapper.class]: Invocation of init method failed; nested exception is java.lang.IllegalArgumentException: org.apache.ibatis.builder.BuilderException: Error parsing Mapper XML. Cause: java.lang.IllegalArgumentException: Result Maps collection already contains value for com.hywa.pricepublish.dao.mapper.PermissionMapper.BaseResultMap
	at org.springframework.beans.factory.annotation.AutowiredAnnotationBeanPostProcessor$AutowiredFieldElement.inject(AutowiredAnnotationBeanPostProcessor.java:587) ~[spring-beans-5.0.6.RELEASE.jar:5.0.6.RELEASE]
	at org.springframework.beans.factory.annotation.InjectionMetadata.inject(InjectionMetadata.java:91) ~[spring-beans-5.0.6.RELEASE.jar:5.0.6.RELEASE]
	at org.springframework.beans.factory.annotation.AutowiredAnnotationBeanPostProcessor.postProcessPropertyValues(AutowiredAnnotationBeanPostProcessor.java:373) ~[spring-beans-5.0.6.RELEASE.jar:5.0.6.RELEASE]
	at org.springframework.beans.factory.support.AbstractAutowireCapableBeanFactory.populateBean(AbstractAutowireCapableBeanFactory.java:1348) ~[spring-beans-5.0.6.RELEASE.jar:5.0.6.RELEASE]
	at org.springframework.beans.factory.support.AbstractAutowireCapableBeanFactory.doCreateBean(AbstractAutowireCapableBeanFactory.java:578) ~[spring-beans-5.0.6.RELEASE.jar:5.0.6.RELEASE]
	at org.springframework.beans.factory.support.AbstractAutowireCapableBeanFactory.createBean(AbstractAutowireCapableBeanFactory.java:501) ~[spring-beans-5.0.6.RELEASE.jar:5.0.6.RELEASE]
	at org.springframework.beans.factory.support.AbstractBeanFactory.lambda$doGetBean$0(AbstractBeanFactory.java:317) ~[spring-beans-5.0.6.RELEASE.jar:5.0.6.RELEASE]
	at org.springframework.beans.factory.support.DefaultSingletonBeanRegistry.getSingleton(DefaultSingletonBeanRegistry.java:228) ~[spring-beans-5.0.6.RELEASE.jar:5.0.6.RELEASE]
	at org.springframework.beans.factory.support.AbstractBeanFactory.doGetBean(AbstractBeanFactory.java:315) ~[spring-beans-5.0.6.RELEASE.jar:5.0.6.RELEASE]
	at org.springframework.beans.factory.support.AbstractBeanFactory.getBean(AbstractBeanFactory.java:199) ~[spring-beans-5.0.6.RELEASE.jar:5.0.6.RELEASE]
	at org.springframework.beans.factory.config.DependencyDescriptor.resolveCandidate(DependencyDescriptor.java:251) ~[spring-beans-5.0.6.RELEASE.jar:5.0.6.RELEASE]
	at org.springframework.beans.factory.support.DefaultListableBeanFactory.doResolveDependency(DefaultListableBeanFactory.java:1138) ~[spring-beans-5.0.6.RELEASE.jar:5.0.6.RELEASE]
	at org.springframework.beans.factory.support.DefaultListableBeanFactory.resolveDependency(DefaultListableBeanFactory.java:1065) ~[spring-beans-5.0.6.RELEASE.jar:5.0.6.RELEASE]
	at org.springframework.beans.factory.annotation.AutowiredAnnotationBeanPostProcessor$AutowiredFieldElement.inject(AutowiredAnnotationBeanPostProcessor.java:584) ~[spring-beans-5.0.6.RELEASE.jar:5.0.6.RELEASE]
	... 54 common frames omitted
Caused by: org.springframework.beans.factory.BeanCreationException: Error creating bean with name 'permissionMapper' defined in file [C:\Users\LongLi\Desktop\price-publishing-system\target\classes\com\hywa\pricepublish\dao\mapper\PermissionMapper.class]: Invocation of init method failed; nested exception is java.lang.IllegalArgumentException: org.apache.ibatis.builder.BuilderException: Error parsing Mapper XML. Cause: java.lang.IllegalArgumentException: Result Maps collection already contains value for com.hywa.pricepublish.dao.mapper.PermissionMapper.BaseResultMap
	at org.springframework.beans.factory.support.AbstractAutowireCapableBeanFactory.initializeBean(AbstractAutowireCapableBeanFactory.java:1706) ~[spring-beans-5.0.6.RELEASE.jar:5.0.6.RELEASE]
	at org.springframework.beans.factory.support.AbstractAutowireCapableBeanFactory.doCreateBean(AbstractAutowireCapableBeanFactory.java:579) ~[spring-beans-5.0.6.RELEASE.jar:5.0.6.RELEASE]
	at org.springframework.beans.factory.support.AbstractAutowireCapableBeanFactory.createBean(AbstractAutowireCapableBeanFactory.java:501) ~[spring-beans-5.0.6.RELEASE.jar:5.0.6.RELEASE]
	at org.springframework.beans.factory.support.AbstractBeanFactory.lambda$doGetBean$0(AbstractBeanFactory.java:317) ~[spring-beans-5.0.6.RELEASE.jar:5.0.6.RELEASE]
	at org.springframework.beans.factory.support.DefaultSingletonBeanRegistry.getSingleton(DefaultSingletonBeanRegistry.java:228) ~[spring-beans-5.0.6.RELEASE.jar:5.0.6.RELEASE]
	at org.springframework.beans.factory.support.AbstractBeanFactory.doGetBean(AbstractBeanFactory.java:315) ~[spring-beans-5.0.6.RELEASE.jar:5.0.6.RELEASE]
	at org.springframework.beans.factory.support.AbstractBeanFactory.getBean(AbstractBeanFactory.java:199) ~[spring-beans-5.0.6.RELEASE.jar:5.0.6.RELEASE]
	at org.springframework.beans.factory.config.DependencyDescriptor.resolveCandidate(DependencyDescriptor.java:251) ~[spring-beans-5.0.6.RELEASE.jar:5.0.6.RELEASE]
	at org.springframework.beans.factory.support.DefaultListableBeanFactory.doResolveDependency(DefaultListableBeanFactory.java:1138) ~[spring-beans-5.0.6.RELEASE.jar:5.0.6.RELEASE]
	at org.springframework.beans.factory.support.DefaultListableBeanFactory.resolveDependency(DefaultListableBeanFactory.java:1065) ~[spring-beans-5.0.6.RELEASE.jar:5.0.6.RELEASE]
	at org.springframework.beans.factory.annotation.AutowiredAnnotationBeanPostProcessor$AutowiredFieldElement.inject(AutowiredAnnotationBeanPostProcessor.java:584) ~[spring-beans-5.0.6.RELEASE.jar:5.0.6.RELEASE]
	... 67 common frames omitted
Caused by: java.lang.IllegalArgumentException: org.apache.ibatis.builder.BuilderException: Error parsing Mapper XML. Cause: java.lang.IllegalArgumentException: Result Maps collection already contains value for com.hywa.pricepublish.dao.mapper.PermissionMapper.BaseResultMap
	at org.mybatis.spring.mapper.MapperFactoryBean.checkDaoConfig(MapperFactoryBean.java:83) ~[mybatis-spring-1.3.1.jar:1.3.1]
	at org.springframework.dao.support.DaoSupport.afterPropertiesSet(DaoSupport.java:44) ~[spring-tx-5.0.6.RELEASE.jar:5.0.6.RELEASE]
	at org.springframework.beans.factory.support.AbstractAutowireCapableBeanFactory.invokeInitMethods(AbstractAutowireCapableBeanFactory.java:1765) ~[spring-beans-5.0.6.RELEASE.jar:5.0.6.RELEASE]
	at org.springframework.beans.factory.support.AbstractAutowireCapableBeanFactory.initializeBean(AbstractAutowireCapableBeanFactory.java:1702) ~[spring-beans-5.0.6.RELEASE.jar:5.0.6.RELEASE]
	... 77 common frames omitted
Caused by: org.apache.ibatis.builder.BuilderException: Error parsing Mapper XML. Cause: java.lang.IllegalArgumentException: Result Maps collection already contains value for com.hywa.pricepublish.dao.mapper.PermissionMapper.BaseResultMap
	at org.apache.ibatis.builder.xml.XMLMapperBuilder.configurationElement(XMLMapperBuilder.java:120) ~[mybatis-3.4.5.jar:3.4.5]
	at org.apache.ibatis.builder.xml.XMLMapperBuilder.parse(XMLMapperBuilder.java:92) ~[mybatis-3.4.5.jar:3.4.5]
	at org.apache.ibatis.builder.annotation.MapperAnnotationBuilder.loadXmlResource(MapperAnnotationBuilder.java:173) ~[mybatis-3.4.5.jar:3.4.5]
	at org.apache.ibatis.builder.annotation.MapperAnnotationBuilder.parse(MapperAnnotationBuilder.java:124) ~[mybatis-3.4.5.jar:3.4.5]
	at org.apache.ibatis.binding.MapperRegistry.addMapper(MapperRegistry.java:72) ~[mybatis-3.4.5.jar:3.4.5]
	at org.apache.ibatis.session.Configuration.addMapper(Configuration.java:741) ~[mybatis-3.4.5.jar:3.4.5]
	at org.mybatis.spring.mapper.MapperFactoryBean.checkDaoConfig(MapperFactoryBean.java:80) ~[mybatis-spring-1.3.1.jar:1.3.1]
	... 80 common frames omitted
Caused by: java.lang.IllegalArgumentException: Result Maps collection already contains value for com.hywa.pricepublish.dao.mapper.PermissionMapper.BaseResultMap
	at org.apache.ibatis.session.Configuration$StrictMap.put(Configuration.java:872) ~[mybatis-3.4.5.jar:3.4.5]
	at org.apache.ibatis.session.Configuration$StrictMap.put(Configuration.java:844) ~[mybatis-3.4.5.jar:3.4.5]
	at org.apache.ibatis.session.Configuration.addResultMap(Configuration.java:626) ~[mybatis-3.4.5.jar:3.4.5]
	at org.apache.ibatis.builder.MapperBuilderAssistant.addResultMap(MapperBuilderAssistant.java:214) ~[mybatis-3.4.5.jar:3.4.5]
	at org.apache.ibatis.builder.ResultMapResolver.resolve(ResultMapResolver.java:47) ~[mybatis-3.4.5.jar:3.4.5]
	at org.apache.ibatis.builder.xml.XMLMapperBuilder.resultMapElement(XMLMapperBuilder.java:285) ~[mybatis-3.4.5.jar:3.4.5]
	at org.apache.ibatis.builder.xml.XMLMapperBuilder.resultMapElement(XMLMapperBuilder.java:252) ~[mybatis-3.4.5.jar:3.4.5]
	at org.apache.ibatis.builder.xml.XMLMapperBuilder.resultMapElements(XMLMapperBuilder.java:244) ~[mybatis-3.4.5.jar:3.4.5]
	at org.apache.ibatis.builder.xml.XMLMapperBuilder.configurationElement(XMLMapperBuilder.java:116) ~[mybatis-3.4.5.jar:3.4.5]
	... 86 common frames omitted

]]></system-out>
  </testcase>
</testsuite>